{"/home/gabriel/Documents/ESTÁGIO/OunceData/MATIA/matia-server-fastify-teste/src/db.ts": {"path":"/home/gabriel/Documents/ESTÁGIO/OunceData/MATIA/matia-server-fastify-teste/src/db.ts","statementMap":{"0":{"start":{"line":6,"column":6},"end":{"line":6,"column":null}},"1":{"start":{"line":7,"column":18},"end":{"line":7,"column":null}},"2":{"start":{"line":10,"column":16},"end":{"line":10,"column":null}},"3":{"start":{"line":11,"column":0},"end":{"line":11,"column":null}},"4":{"start":{"line":12,"column":0},"end":{"line":12,"column":null}},"5":{"start":{"line":17,"column":0},"end":{"line":43,"column":null}},"6":{"start":{"line":18,"column":2},"end":{"line":20,"column":null}},"7":{"start":{"line":23,"column":2},"end":{"line":25,"column":null}},"8":{"start":{"line":24,"column":4},"end":{"line":24,"column":null}},"9":{"start":{"line":28,"column":2},"end":{"line":28,"column":null}},"10":{"start":{"line":28,"column":28},"end":{"line":28,"column":null}},"11":{"start":{"line":29,"column":2},"end":{"line":29,"column":null}},"12":{"start":{"line":29,"column":28},"end":{"line":29,"column":null}},"13":{"start":{"line":30,"column":2},"end":{"line":30,"column":null}},"14":{"start":{"line":30,"column":28},"end":{"line":30,"column":null}},"15":{"start":{"line":31,"column":2},"end":{"line":31,"column":null}},"16":{"start":{"line":31,"column":28},"end":{"line":31,"column":null}},"17":{"start":{"line":33,"column":2},"end":{"line":42,"column":null}}},"fnMap":{"0":{"name":"(anonymous_0)","decl":{"start":{"line":23,"column":36},"end":{"line":23,"column":43}},"loc":{"start":{"line":23,"column":63},"end":{"line":25,"column":3}},"line":23}},"branchMap":{"0":{"loc":{"start":{"line":17,"column":0},"end":{"line":43,"column":null}},"type":"if","locations":[{"start":{"line":17,"column":0},"end":{"line":43,"column":null}},{"start":{"line":26,"column":7},"end":{"line":43,"column":null}}],"line":17},"1":{"loc":{"start":{"line":28,"column":2},"end":{"line":28,"column":null}},"type":"if","locations":[{"start":{"line":28,"column":2},"end":{"line":28,"column":null}},{"start":{},"end":{}}],"line":28},"2":{"loc":{"start":{"line":29,"column":2},"end":{"line":29,"column":null}},"type":"if","locations":[{"start":{"line":29,"column":2},"end":{"line":29,"column":null}},{"start":{},"end":{}}],"line":29},"3":{"loc":{"start":{"line":30,"column":2},"end":{"line":30,"column":null}},"type":"if","locations":[{"start":{"line":30,"column":2},"end":{"line":30,"column":null}},{"start":{},"end":{}}],"line":30},"4":{"loc":{"start":{"line":31,"column":2},"end":{"line":31,"column":null}},"type":"if","locations":[{"start":{"line":31,"column":2},"end":{"line":31,"column":null}},{"start":{},"end":{}}],"line":31}},"s":{"0":1,"1":1,"2":1,"3":1,"4":1,"5":1,"6":1,"7":1,"8":0,"9":0,"10":0,"11":0,"12":0,"13":0,"14":0,"15":0,"16":0,"17":0},"f":{"0":0},"b":{"0":[1,0],"1":[0,0],"2":[0,0],"3":[0,0],"4":[0,0]},"meta":{"lastBranch":5,"lastFunction":1,"lastStatement":18,"seen":{"s:6:6:6:Infinity":0,"s:7:18:7:Infinity":1,"s:10:16:10:Infinity":2,"s:11:0:11:Infinity":3,"s:12:0:12:Infinity":4,"b:17:0:43:Infinity:26:7:43:Infinity":0,"s:17:0:43:Infinity":5,"s:18:2:20:Infinity":6,"s:23:2:25:Infinity":7,"f:23:36:23:43":0,"s:24:4:24:Infinity":8,"b:28:2:28:Infinity:undefined:undefined:undefined:undefined":1,"s:28:2:28:Infinity":9,"s:28:28:28:Infinity":10,"b:29:2:29:Infinity:undefined:undefined:undefined:undefined":2,"s:29:2:29:Infinity":11,"s:29:28:29:Infinity":12,"b:30:2:30:Infinity:undefined:undefined:undefined:undefined":3,"s:30:2:30:Infinity":13,"s:30:28:30:Infinity":14,"b:31:2:31:Infinity:undefined:undefined:undefined:undefined":4,"s:31:2:31:Infinity":15,"s:31:28:31:Infinity":16,"s:33:2:42:Infinity":17}}}
,"/home/gabriel/Documents/ESTÁGIO/OunceData/MATIA/matia-server-fastify-teste/src/server.ts": {"path":"/home/gabriel/Documents/ESTÁGIO/OunceData/MATIA/matia-server-fastify-teste/src/server.ts","statementMap":{"0":{"start":{"line":32,"column":6},"end":{"line":40,"column":null}},"1":{"start":{"line":39,"column":18},"end":{"line":39,"column":null}},"2":{"start":{"line":42,"column":0},"end":{"line":52,"column":null}},"3":{"start":{"line":54,"column":0},"end":{"line":54,"column":null}},"4":{"start":{"line":56,"column":0},"end":{"line":56,"column":null}},"5":{"start":{"line":58,"column":0},"end":{"line":58,"column":null}},"6":{"start":{"line":60,"column":0},"end":{"line":60,"column":null}},"7":{"start":{"line":62,"column":0},"end":{"line":62,"column":null}},"8":{"start":{"line":64,"column":0},"end":{"line":79,"column":null}},"9":{"start":{"line":82,"column":0},"end":{"line":140,"column":null}},"10":{"start":{"line":143,"column":0},"end":{"line":145,"column":null}},"11":{"start":{"line":146,"column":0},"end":{"line":148,"column":null}},"12":{"start":{"line":149,"column":0},"end":{"line":151,"column":null}},"13":{"start":{"line":152,"column":0},"end":{"line":154,"column":null}},"14":{"start":{"line":155,"column":0},"end":{"line":157,"column":null}},"15":{"start":{"line":158,"column":0},"end":{"line":160,"column":null}},"16":{"start":{"line":161,"column":0},"end":{"line":163,"column":null}},"17":{"start":{"line":164,"column":0},"end":{"line":166,"column":null}},"18":{"start":{"line":167,"column":0},"end":{"line":169,"column":null}},"19":{"start":{"line":170,"column":0},"end":{"line":172,"column":null}},"20":{"start":{"line":173,"column":0},"end":{"line":175,"column":null}},"21":{"start":{"line":176,"column":0},"end":{"line":178,"column":null}},"22":{"start":{"line":179,"column":0},"end":{"line":181,"column":null}},"23":{"start":{"line":185,"column":0},"end":{"line":187,"column":null}},"24":{"start":{"line":190,"column":14},"end":{"line":206,"column":null}},"25":{"start":{"line":191,"column":2},"end":{"line":205,"column":null}},"26":{"start":{"line":192,"column":4},"end":{"line":192,"column":null}},"27":{"start":{"line":193,"column":4},"end":{"line":193,"column":null}},"28":{"start":{"line":195,"column":4},"end":{"line":195,"column":null}},"29":{"start":{"line":197,"column":4},"end":{"line":197,"column":null}},"30":{"start":{"line":198,"column":4},"end":{"line":198,"column":null}},"31":{"start":{"line":199,"column":4},"end":{"line":201,"column":null}},"32":{"start":{"line":203,"column":4},"end":{"line":203,"column":null}},"33":{"start":{"line":204,"column":4},"end":{"line":204,"column":null}},"34":{"start":{"line":208,"column":0},"end":{"line":208,"column":null}}},"fnMap":{"0":{"name":"(anonymous_0)","decl":{"start":{"line":39,"column":12},"end":{"line":39,"column":18}},"loc":{"start":{"line":39,"column":18},"end":{"line":39,"column":null}},"line":39},"1":{"name":"(anonymous_1)","decl":{"start":{"line":190,"column":14},"end":{"line":190,"column":26}},"loc":{"start":{"line":190,"column":26},"end":{"line":206,"column":null}},"line":190}},"branchMap":{},"s":{"0":0,"1":0,"2":0,"3":0,"4":0,"5":0,"6":0,"7":0,"8":0,"9":0,"10":0,"11":0,"12":0,"13":0,"14":0,"15":0,"16":0,"17":0,"18":0,"19":0,"20":0,"21":0,"22":0,"23":0,"24":0,"25":0,"26":0,"27":0,"28":0,"29":0,"30":0,"31":0,"32":0,"33":0,"34":0},"f":{"0":0,"1":0},"b":{},"meta":{"lastBranch":0,"lastFunction":2,"lastStatement":35,"seen":{"s:32:6:40:Infinity":0,"f:39:12:39:18":0,"s:39:18:39:Infinity":1,"s:42:0:52:Infinity":2,"s:54:0:54:Infinity":3,"s:56:0:56:Infinity":4,"s:58:0:58:Infinity":5,"s:60:0:60:Infinity":6,"s:62:0:62:Infinity":7,"s:64:0:79:Infinity":8,"s:82:0:140:Infinity":9,"s:143:0:145:Infinity":10,"s:146:0:148:Infinity":11,"s:149:0:151:Infinity":12,"s:152:0:154:Infinity":13,"s:155:0:157:Infinity":14,"s:158:0:160:Infinity":15,"s:161:0:163:Infinity":16,"s:164:0:166:Infinity":17,"s:167:0:169:Infinity":18,"s:170:0:172:Infinity":19,"s:173:0:175:Infinity":20,"s:176:0:178:Infinity":21,"s:179:0:181:Infinity":22,"s:185:0:187:Infinity":23,"s:190:14:206:Infinity":24,"f:190:14:190:26":1,"s:191:2:205:Infinity":25,"s:192:4:192:Infinity":26,"s:193:4:193:Infinity":27,"s:195:4:195:Infinity":28,"s:197:4:197:Infinity":29,"s:198:4:198:Infinity":30,"s:199:4:201:Infinity":31,"s:203:4:203:Infinity":32,"s:204:4:204:Infinity":33,"s:208:0:208:Infinity":34}}}
,"/home/gabriel/Documents/ESTÁGIO/OunceData/MATIA/matia-server-fastify-teste/src/controllers/activity_logsController.ts": {"path":"/home/gabriel/Documents/ESTÁGIO/OunceData/MATIA/matia-server-fastify-teste/src/controllers/activity_logsController.ts","statementMap":{"0":{"start":{"line":23,"column":34},"end":{"line":42,"column":null}},"1":{"start":{"line":24,"column":2},"end":{"line":41,"column":null}},"2":{"start":{"line":25,"column":20},"end":{"line":25,"column":null}},"3":{"start":{"line":26,"column":4},"end":{"line":28,"column":null}},"4":{"start":{"line":27,"column":6},"end":{"line":27,"column":null}},"5":{"start":{"line":29,"column":20},"end":{"line":29,"column":null}},"6":{"start":{"line":30,"column":17},"end":{"line":30,"column":null}},"7":{"start":{"line":31,"column":4},"end":{"line":31,"column":null}},"8":{"start":{"line":33,"column":4},"end":{"line":37,"column":null}},"9":{"start":{"line":34,"column":6},"end":{"line":36,"column":null}},"10":{"start":{"line":38,"column":4},"end":{"line":40,"column":null}},"11":{"start":{"line":44,"column":35},"end":{"line":54,"column":null}},"12":{"start":{"line":45,"column":2},"end":{"line":53,"column":null}},"13":{"start":{"line":46,"column":19},"end":{"line":46,"column":null}},"14":{"start":{"line":47,"column":17},"end":{"line":47,"column":null}},"15":{"start":{"line":48,"column":17},"end":{"line":48,"column":null}},"16":{"start":{"line":49,"column":4},"end":{"line":49,"column":null}},"17":{"start":{"line":49,"column":15},"end":{"line":49,"column":null}},"18":{"start":{"line":50,"column":4},"end":{"line":50,"column":null}},"19":{"start":{"line":52,"column":4},"end":{"line":52,"column":null}},"20":{"start":{"line":56,"column":31},"end":{"line":66,"column":null}},"21":{"start":{"line":57,"column":2},"end":{"line":65,"column":null}},"22":{"start":{"line":58,"column":17},"end":{"line":58,"column":null}},"23":{"start":{"line":59,"column":4},"end":{"line":61,"column":null}},"24":{"start":{"line":60,"column":6},"end":{"line":60,"column":null}},"25":{"start":{"line":62,"column":4},"end":{"line":62,"column":null}},"26":{"start":{"line":64,"column":4},"end":{"line":64,"column":null}},"27":{"start":{"line":68,"column":34},"end":{"line":92,"column":null}},"28":{"start":{"line":69,"column":2},"end":{"line":91,"column":null}},"29":{"start":{"line":70,"column":19},"end":{"line":70,"column":null}},"30":{"start":{"line":71,"column":26},"end":{"line":76,"column":null}},"31":{"start":{"line":77,"column":4},"end":{"line":77,"column":null}},"32":{"start":{"line":77,"column":27},"end":{"line":77,"column":null}},"33":{"start":{"line":78,"column":20},"end":{"line":78,"column":null}},"34":{"start":{"line":79,"column":17},"end":{"line":79,"column":null}},"35":{"start":{"line":80,"column":4},"end":{"line":80,"column":null}},"36":{"start":{"line":82,"column":4},"end":{"line":86,"column":null}},"37":{"start":{"line":83,"column":6},"end":{"line":85,"column":null}},"38":{"start":{"line":87,"column":4},"end":{"line":87,"column":null}},"39":{"start":{"line":88,"column":4},"end":{"line":90,"column":null}},"40":{"start":{"line":94,"column":34},"end":{"line":105,"column":null}},"41":{"start":{"line":95,"column":2},"end":{"line":104,"column":null}},"42":{"start":{"line":96,"column":19},"end":{"line":96,"column":null}},"43":{"start":{"line":97,"column":20},"end":{"line":97,"column":null}},"44":{"start":{"line":98,"column":4},"end":{"line":98,"column":null}},"45":{"start":{"line":98,"column":23},"end":{"line":98,"column":null}},"46":{"start":{"line":99,"column":4},"end":{"line":99,"column":null}},"47":{"start":{"line":101,"column":4},"end":{"line":103,"column":null}}},"fnMap":{"0":{"name":"(anonymous_0)","decl":{"start":{"line":23,"column":34},"end":{"line":23,"column":41}},"loc":{"start":{"line":23,"column":69},"end":{"line":42,"column":null}},"line":23},"1":{"name":"(anonymous_1)","decl":{"start":{"line":44,"column":35},"end":{"line":44,"column":42}},"loc":{"start":{"line":44,"column":70},"end":{"line":54,"column":null}},"line":44},"2":{"name":"(anonymous_2)","decl":{"start":{"line":56,"column":31},"end":{"line":56,"column":43}},"loc":{"start":{"line":56,"column":43},"end":{"line":66,"column":null}},"line":56},"3":{"name":"(anonymous_3)","decl":{"start":{"line":68,"column":34},"end":{"line":68,"column":41}},"loc":{"start":{"line":68,"column":69},"end":{"line":92,"column":null}},"line":68},"4":{"name":"(anonymous_4)","decl":{"start":{"line":94,"column":34},"end":{"line":94,"column":41}},"loc":{"start":{"line":94,"column":69},"end":{"line":105,"column":null}},"line":94}},"branchMap":{"0":{"loc":{"start":{"line":26,"column":4},"end":{"line":28,"column":null}},"type":"if","locations":[{"start":{"line":26,"column":4},"end":{"line":28,"column":null}},{"start":{},"end":{}}],"line":26},"1":{"loc":{"start":{"line":26,"column":8},"end":{"line":26,"column":55}},"type":"binary-expr","locations":[{"start":{"line":26,"column":8},"end":{"line":26,"column":20}},{"start":{"line":26,"column":20},"end":{"line":26,"column":55}}],"line":26},"2":{"loc":{"start":{"line":33,"column":4},"end":{"line":37,"column":null}},"type":"if","locations":[{"start":{"line":33,"column":4},"end":{"line":37,"column":null}},{"start":{},"end":{}}],"line":33},"3":{"loc":{"start":{"line":33,"column":8},"end":{"line":33,"column":56}},"type":"binary-expr","locations":[{"start":{"line":33,"column":8},"end":{"line":33,"column":15}},{"start":{"line":33,"column":15},"end":{"line":33,"column":56}}],"line":33},"4":{"loc":{"start":{"line":49,"column":4},"end":{"line":49,"column":null}},"type":"if","locations":[{"start":{"line":49,"column":4},"end":{"line":49,"column":null}},{"start":{},"end":{}}],"line":49},"5":{"loc":{"start":{"line":59,"column":4},"end":{"line":61,"column":null}},"type":"if","locations":[{"start":{"line":59,"column":4},"end":{"line":61,"column":null}},{"start":{},"end":{}}],"line":59},"6":{"loc":{"start":{"line":77,"column":4},"end":{"line":77,"column":null}},"type":"if","locations":[{"start":{"line":77,"column":4},"end":{"line":77,"column":null}},{"start":{},"end":{}}],"line":77},"7":{"loc":{"start":{"line":82,"column":4},"end":{"line":86,"column":null}},"type":"if","locations":[{"start":{"line":82,"column":4},"end":{"line":86,"column":null}},{"start":{},"end":{}}],"line":82},"8":{"loc":{"start":{"line":82,"column":8},"end":{"line":82,"column":56}},"type":"binary-expr","locations":[{"start":{"line":82,"column":8},"end":{"line":82,"column":15}},{"start":{"line":82,"column":15},"end":{"line":82,"column":56}}],"line":82},"9":{"loc":{"start":{"line":98,"column":4},"end":{"line":98,"column":null}},"type":"if","locations":[{"start":{"line":98,"column":4},"end":{"line":98,"column":null}},{"start":{},"end":{}}],"line":98}},"s":{"0":0,"1":0,"2":0,"3":0,"4":0,"5":0,"6":0,"7":0,"8":0,"9":0,"10":0,"11":0,"12":0,"13":0,"14":0,"15":0,"16":0,"17":0,"18":0,"19":0,"20":0,"21":0,"22":0,"23":0,"24":0,"25":0,"26":0,"27":0,"28":0,"29":0,"30":0,"31":0,"32":0,"33":0,"34":0,"35":0,"36":0,"37":0,"38":0,"39":0,"40":0,"41":0,"42":0,"43":0,"44":0,"45":0,"46":0,"47":0},"f":{"0":0,"1":0,"2":0,"3":0,"4":0},"b":{"0":[0,0],"1":[0,0],"2":[0,0],"3":[0,0],"4":[0,0],"5":[0,0],"6":[0,0],"7":[0,0],"8":[0,0],"9":[0,0]},"meta":{"lastBranch":10,"lastFunction":5,"lastStatement":48,"seen":{"s:23:34:42:Infinity":0,"f:23:34:23:41":0,"s:24:2:41:Infinity":1,"s:25:20:25:Infinity":2,"b:26:4:28:Infinity:undefined:undefined:undefined:undefined":0,"s:26:4:28:Infinity":3,"b:26:8:26:20:26:20:26:55":1,"s:27:6:27:Infinity":4,"s:29:20:29:Infinity":5,"s:30:17:30:Infinity":6,"s:31:4:31:Infinity":7,"b:33:4:37:Infinity:undefined:undefined:undefined:undefined":2,"s:33:4:37:Infinity":8,"b:33:8:33:15:33:15:33:56":3,"s:34:6:36:Infinity":9,"s:38:4:40:Infinity":10,"s:44:35:54:Infinity":11,"f:44:35:44:42":1,"s:45:2:53:Infinity":12,"s:46:19:46:Infinity":13,"s:47:17:47:Infinity":14,"s:48:17:48:Infinity":15,"b:49:4:49:Infinity:undefined:undefined:undefined:undefined":4,"s:49:4:49:Infinity":16,"s:49:15:49:Infinity":17,"s:50:4:50:Infinity":18,"s:52:4:52:Infinity":19,"s:56:31:66:Infinity":20,"f:56:31:56:43":2,"s:57:2:65:Infinity":21,"s:58:17:58:Infinity":22,"b:59:4:61:Infinity:undefined:undefined:undefined:undefined":5,"s:59:4:61:Infinity":23,"s:60:6:60:Infinity":24,"s:62:4:62:Infinity":25,"s:64:4:64:Infinity":26,"s:68:34:92:Infinity":27,"f:68:34:68:41":3,"s:69:2:91:Infinity":28,"s:70:19:70:Infinity":29,"s:71:26:76:Infinity":30,"b:77:4:77:Infinity:undefined:undefined:undefined:undefined":6,"s:77:4:77:Infinity":31,"s:77:27:77:Infinity":32,"s:78:20:78:Infinity":33,"s:79:17:79:Infinity":34,"s:80:4:80:Infinity":35,"b:82:4:86:Infinity:undefined:undefined:undefined:undefined":7,"s:82:4:86:Infinity":36,"b:82:8:82:15:82:15:82:56":8,"s:83:6:85:Infinity":37,"s:87:4:87:Infinity":38,"s:88:4:90:Infinity":39,"s:94:34:105:Infinity":40,"f:94:34:94:41":4,"s:95:2:104:Infinity":41,"s:96:19:96:Infinity":42,"s:97:20:97:Infinity":43,"b:98:4:98:Infinity:undefined:undefined:undefined:undefined":9,"s:98:4:98:Infinity":44,"s:98:23:98:Infinity":45,"s:99:4:99:Infinity":46,"s:101:4:103:Infinity":47}}}
,"/home/gabriel/Documents/ESTÁGIO/OunceData/MATIA/matia-server-fastify-teste/src/controllers/chatController.ts": {"path":"/home/gabriel/Documents/ESTÁGIO/OunceData/MATIA/matia-server-fastify-teste/src/controllers/chatController.ts","statementMap":{"0":{"start":{"line":15,"column":15},"end":{"line":15,"column":null}},"1":{"start":{"line":16,"column":19},"end":{"line":16,"column":null}},"2":{"start":{"line":19,"column":27},"end":{"line":22,"column":null}},"3":{"start":{"line":55,"column":27},"end":{"line":177,"column":null}},"4":{"start":{"line":56,"column":20},"end":{"line":56,"column":null}},"5":{"start":{"line":57,"column":21},"end":{"line":57,"column":null}},"6":{"start":{"line":58,"column":18},"end":{"line":58,"column":null}},"7":{"start":{"line":60,"column":2},"end":{"line":176,"column":null}},"8":{"start":{"line":62,"column":6},"end":{"line":62,"column":null}},"9":{"start":{"line":64,"column":4},"end":{"line":66,"column":null}},"10":{"start":{"line":65,"column":6},"end":{"line":65,"column":null}},"11":{"start":{"line":68,"column":4},"end":{"line":72,"column":null}},"12":{"start":{"line":75,"column":25},"end":{"line":77,"column":null}},"13":{"start":{"line":79,"column":4},"end":{"line":81,"column":null}},"14":{"start":{"line":80,"column":6},"end":{"line":80,"column":null}},"15":{"start":{"line":84,"column":27},"end":{"line":88,"column":null}},"16":{"start":{"line":91,"column":26},"end":{"line":91,"column":null}},"17":{"start":{"line":94,"column":24},"end":{"line":99,"column":null}},"18":{"start":{"line":101,"column":4},"end":{"line":105,"column":null}},"19":{"start":{"line":108,"column":40},"end":{"line":117,"column":null}},"20":{"start":{"line":109,"column":35},"end":{"line":112,"column":8}},"21":{"start":{"line":120,"column":23},"end":{"line":120,"column":null}},"22":{"start":{"line":123,"column":29},"end":{"line":128,"column":null}},"23":{"start":{"line":131,"column":4},"end":{"line":133,"column":null}},"24":{"start":{"line":135,"column":21},"end":{"line":135,"column":null}},"25":{"start":{"line":137,"column":4},"end":{"line":142,"column":null}},"26":{"start":{"line":144,"column":4},"end":{"line":150,"column":null}},"27":{"start":{"line":152,"column":21},"end":{"line":152,"column":null}},"28":{"start":{"line":154,"column":4},"end":{"line":165,"column":null}},"29":{"start":{"line":158,"column":6},"end":{"line":163,"column":null}},"30":{"start":{"line":164,"column":6},"end":{"line":164,"column":null}},"31":{"start":{"line":167,"column":4},"end":{"line":171,"column":null}},"32":{"start":{"line":173,"column":4},"end":{"line":175,"column":null}},"33":{"start":{"line":179,"column":38},"end":{"line":255,"column":null}},"34":{"start":{"line":180,"column":21},"end":{"line":180,"column":null}},"35":{"start":{"line":181,"column":18},"end":{"line":181,"column":null}},"36":{"start":{"line":183,"column":2},"end":{"line":254,"column":null}},"37":{"start":{"line":184,"column":19},"end":{"line":184,"column":null}},"38":{"start":{"line":189,"column":8},"end":{"line":189,"column":null}},"39":{"start":{"line":191,"column":4},"end":{"line":197,"column":null}},"40":{"start":{"line":200,"column":25},"end":{"line":202,"column":null}},"41":{"start":{"line":204,"column":4},"end":{"line":206,"column":null}},"42":{"start":{"line":205,"column":6},"end":{"line":205,"column":null}},"43":{"start":{"line":208,"column":10},"end":{"line":208,"column":null}},"44":{"start":{"line":209,"column":23},"end":{"line":209,"column":null}},"45":{"start":{"line":211,"column":4},"end":{"line":213,"column":null}},"46":{"start":{"line":212,"column":6},"end":{"line":212,"column":null}},"47":{"start":{"line":215,"column":38},"end":{"line":220,"column":null}},"48":{"start":{"line":222,"column":4},"end":{"line":227,"column":null}},"49":{"start":{"line":229,"column":4},"end":{"line":235,"column":null}},"50":{"start":{"line":237,"column":4},"end":{"line":244,"column":null}},"51":{"start":{"line":238,"column":6},"end":{"line":242,"column":null}},"52":{"start":{"line":243,"column":6},"end":{"line":243,"column":null}},"53":{"start":{"line":246,"column":4},"end":{"line":249,"column":null}},"54":{"start":{"line":251,"column":4},"end":{"line":253,"column":null}},"55":{"start":{"line":257,"column":36},"end":{"line":362,"column":null}},"56":{"start":{"line":258,"column":20},"end":{"line":258,"column":null}},"57":{"start":{"line":259,"column":21},"end":{"line":259,"column":null}},"58":{"start":{"line":260,"column":18},"end":{"line":260,"column":null}},"59":{"start":{"line":262,"column":2},"end":{"line":361,"column":null}},"60":{"start":{"line":263,"column":31},"end":{"line":263,"column":null}},"61":{"start":{"line":265,"column":4},"end":{"line":267,"column":null}},"62":{"start":{"line":266,"column":6},"end":{"line":266,"column":null}},"63":{"start":{"line":269,"column":4},"end":{"line":273,"column":null}},"64":{"start":{"line":276,"column":28},"end":{"line":276,"column":null}},"65":{"start":{"line":277,"column":4},"end":{"line":279,"column":null}},"66":{"start":{"line":278,"column":6},"end":{"line":278,"column":null}},"67":{"start":{"line":282,"column":25},"end":{"line":287,"column":null}},"68":{"start":{"line":289,"column":4},"end":{"line":293,"column":null}},"69":{"start":{"line":296,"column":24},"end":{"line":301,"column":null}},"70":{"start":{"line":304,"column":40},"end":{"line":309,"column":null}},"71":{"start":{"line":311,"column":23},"end":{"line":311,"column":null}},"72":{"start":{"line":314,"column":29},"end":{"line":319,"column":null}},"73":{"start":{"line":321,"column":21},"end":{"line":321,"column":null}},"74":{"start":{"line":323,"column":4},"end":{"line":328,"column":null}},"75":{"start":{"line":330,"column":4},"end":{"line":338,"column":null}},"76":{"start":{"line":340,"column":21},"end":{"line":340,"column":null}},"77":{"start":{"line":342,"column":4},"end":{"line":350,"column":null}},"78":{"start":{"line":343,"column":6},"end":{"line":348,"column":null}},"79":{"start":{"line":349,"column":6},"end":{"line":349,"column":null}},"80":{"start":{"line":352,"column":4},"end":{"line":356,"column":null}},"81":{"start":{"line":358,"column":4},"end":{"line":360,"column":null}},"82":{"start":{"line":364,"column":36},"end":{"line":420,"column":null}},"83":{"start":{"line":365,"column":21},"end":{"line":365,"column":null}},"84":{"start":{"line":366,"column":18},"end":{"line":366,"column":null}},"85":{"start":{"line":368,"column":2},"end":{"line":419,"column":null}},"86":{"start":{"line":373,"column":8},"end":{"line":373,"column":null}},"87":{"start":{"line":375,"column":4},"end":{"line":380,"column":null}},"88":{"start":{"line":382,"column":10},"end":{"line":382,"column":null}},"89":{"start":{"line":383,"column":23},"end":{"line":383,"column":null}},"90":{"start":{"line":385,"column":4},"end":{"line":387,"column":null}},"91":{"start":{"line":386,"column":6},"end":{"line":386,"column":null}},"92":{"start":{"line":389,"column":43},"end":{"line":394,"column":null}},"93":{"start":{"line":396,"column":4},"end":{"line":401,"column":null}},"94":{"start":{"line":403,"column":4},"end":{"line":409,"column":null}},"95":{"start":{"line":411,"column":4},"end":{"line":414,"column":null}},"96":{"start":{"line":416,"column":4},"end":{"line":418,"column":null}},"97":{"start":{"line":422,"column":34},"end":{"line":478,"column":null}},"98":{"start":{"line":423,"column":21},"end":{"line":423,"column":null}},"99":{"start":{"line":424,"column":18},"end":{"line":424,"column":null}},"100":{"start":{"line":426,"column":2},"end":{"line":477,"column":null}},"101":{"start":{"line":427,"column":19},"end":{"line":427,"column":null}},"102":{"start":{"line":429,"column":4},"end":{"line":433,"column":null}},"103":{"start":{"line":436,"column":25},"end":{"line":438,"column":null}},"104":{"start":{"line":440,"column":4},"end":{"line":442,"column":null}},"105":{"start":{"line":441,"column":6},"end":{"line":441,"column":null}},"106":{"start":{"line":445,"column":4},"end":{"line":447,"column":null}},"107":{"start":{"line":450,"column":4},"end":{"line":450,"column":null}},"108":{"start":{"line":452,"column":4},"end":{"line":456,"column":null}},"109":{"start":{"line":458,"column":4},"end":{"line":458,"column":null}},"110":{"start":{"line":460,"column":4},"end":{"line":467,"column":null}},"111":{"start":{"line":461,"column":6},"end":{"line":465,"column":null}},"112":{"start":{"line":466,"column":6},"end":{"line":466,"column":null}},"113":{"start":{"line":469,"column":4},"end":{"line":472,"column":null}},"114":{"start":{"line":474,"column":4},"end":{"line":476,"column":null}}},"fnMap":{"0":{"name":"(anonymous_0)","decl":{"start":{"line":55,"column":27},"end":{"line":55,"column":34}},"loc":{"start":{"line":55,"column":62},"end":{"line":177,"column":null}},"line":55},"1":{"name":"(anonymous_1)","decl":{"start":{"line":109,"column":27},"end":{"line":109,"column":35}},"loc":{"start":{"line":109,"column":35},"end":{"line":112,"column":8}},"line":109},"2":{"name":"(anonymous_2)","decl":{"start":{"line":179,"column":38},"end":{"line":179,"column":45}},"loc":{"start":{"line":179,"column":73},"end":{"line":255,"column":null}},"line":179},"3":{"name":"(anonymous_3)","decl":{"start":{"line":257,"column":36},"end":{"line":257,"column":43}},"loc":{"start":{"line":257,"column":71},"end":{"line":362,"column":null}},"line":257},"4":{"name":"(anonymous_4)","decl":{"start":{"line":364,"column":36},"end":{"line":364,"column":43}},"loc":{"start":{"line":364,"column":71},"end":{"line":420,"column":null}},"line":364},"5":{"name":"(anonymous_5)","decl":{"start":{"line":422,"column":34},"end":{"line":422,"column":41}},"loc":{"start":{"line":422,"column":69},"end":{"line":478,"column":null}},"line":422}},"branchMap":{"0":{"loc":{"start":{"line":20,"column":2},"end":{"line":20,"column":null}},"type":"binary-expr","locations":[{"start":{"line":20,"column":2},"end":{"line":20,"column":36}},{"start":{"line":20,"column":36},"end":{"line":20,"column":null}}],"line":20},"1":{"loc":{"start":{"line":57,"column":21},"end":{"line":57,"column":null}},"type":"binary-expr","locations":[{"start":{"line":57,"column":21},"end":{"line":57,"column":46}},{"start":{"line":57,"column":46},"end":{"line":57,"column":null}}],"line":57},"2":{"loc":{"start":{"line":64,"column":4},"end":{"line":66,"column":null}},"type":"if","locations":[{"start":{"line":64,"column":4},"end":{"line":66,"column":null}},{"start":{},"end":{}}],"line":64},"3":{"loc":{"start":{"line":64,"column":8},"end":{"line":64,"column":38}},"type":"binary-expr","locations":[{"start":{"line":64,"column":8},"end":{"line":64,"column":28}},{"start":{"line":64,"column":28},"end":{"line":64,"column":38}}],"line":64},"4":{"loc":{"start":{"line":79,"column":4},"end":{"line":81,"column":null}},"type":"if","locations":[{"start":{"line":79,"column":4},"end":{"line":81,"column":null}},{"start":{},"end":{}}],"line":79},"5":{"loc":{"start":{"line":98,"column":16},"end":{"line":98,"column":null}},"type":"binary-expr","locations":[{"start":{"line":98,"column":16},"end":{"line":98,"column":28}},{"start":{"line":98,"column":28},"end":{"line":98,"column":null}}],"line":98},"6":{"loc":{"start":{"line":154,"column":4},"end":{"line":165,"column":null}},"type":"if","locations":[{"start":{"line":154,"column":4},"end":{"line":165,"column":null}},{"start":{},"end":{}}],"line":154},"7":{"loc":{"start":{"line":155,"column":6},"end":{"line":156,"column":null}},"type":"binary-expr","locations":[{"start":{"line":155,"column":6},"end":{"line":155,"column":null}},{"start":{"line":156,"column":6},"end":{"line":156,"column":null}}],"line":155},"8":{"loc":{"start":{"line":180,"column":21},"end":{"line":180,"column":null}},"type":"binary-expr","locations":[{"start":{"line":180,"column":21},"end":{"line":180,"column":46}},{"start":{"line":180,"column":46},"end":{"line":180,"column":null}}],"line":180},"9":{"loc":{"start":{"line":186,"column":6},"end":{"line":186,"column":null}},"type":"default-arg","locations":[{"start":{"line":186,"column":13},"end":{"line":186,"column":null}}],"line":186},"10":{"loc":{"start":{"line":187,"column":6},"end":{"line":187,"column":null}},"type":"default-arg","locations":[{"start":{"line":187,"column":14},"end":{"line":187,"column":null}}],"line":187},"11":{"loc":{"start":{"line":204,"column":4},"end":{"line":206,"column":null}},"type":"if","locations":[{"start":{"line":204,"column":4},"end":{"line":206,"column":null}},{"start":{},"end":{}}],"line":204},"12":{"loc":{"start":{"line":211,"column":4},"end":{"line":213,"column":null}},"type":"if","locations":[{"start":{"line":211,"column":4},"end":{"line":213,"column":null}},{"start":{},"end":{}}],"line":211},"13":{"loc":{"start":{"line":237,"column":4},"end":{"line":244,"column":null}},"type":"if","locations":[{"start":{"line":237,"column":4},"end":{"line":244,"column":null}},{"start":{},"end":{}}],"line":237},"14":{"loc":{"start":{"line":259,"column":21},"end":{"line":259,"column":null}},"type":"binary-expr","locations":[{"start":{"line":259,"column":21},"end":{"line":259,"column":46}},{"start":{"line":259,"column":46},"end":{"line":259,"column":null}}],"line":259},"15":{"loc":{"start":{"line":265,"column":4},"end":{"line":267,"column":null}},"type":"if","locations":[{"start":{"line":265,"column":4},"end":{"line":267,"column":null}},{"start":{},"end":{}}],"line":265},"16":{"loc":{"start":{"line":277,"column":4},"end":{"line":279,"column":null}},"type":"if","locations":[{"start":{"line":277,"column":4},"end":{"line":279,"column":null}},{"start":{},"end":{}}],"line":277},"17":{"loc":{"start":{"line":342,"column":4},"end":{"line":350,"column":null}},"type":"if","locations":[{"start":{"line":342,"column":4},"end":{"line":350,"column":null}},{"start":{},"end":{}}],"line":342},"18":{"loc":{"start":{"line":365,"column":21},"end":{"line":365,"column":null}},"type":"binary-expr","locations":[{"start":{"line":365,"column":21},"end":{"line":365,"column":46}},{"start":{"line":365,"column":46},"end":{"line":365,"column":null}}],"line":365},"19":{"loc":{"start":{"line":370,"column":6},"end":{"line":370,"column":null}},"type":"default-arg","locations":[{"start":{"line":370,"column":13},"end":{"line":370,"column":null}}],"line":370},"20":{"loc":{"start":{"line":371,"column":6},"end":{"line":371,"column":null}},"type":"default-arg","locations":[{"start":{"line":371,"column":14},"end":{"line":371,"column":null}}],"line":371},"21":{"loc":{"start":{"line":385,"column":4},"end":{"line":387,"column":null}},"type":"if","locations":[{"start":{"line":385,"column":4},"end":{"line":387,"column":null}},{"start":{},"end":{}}],"line":385},"22":{"loc":{"start":{"line":423,"column":21},"end":{"line":423,"column":null}},"type":"binary-expr","locations":[{"start":{"line":423,"column":21},"end":{"line":423,"column":46}},{"start":{"line":423,"column":46},"end":{"line":423,"column":null}}],"line":423},"23":{"loc":{"start":{"line":440,"column":4},"end":{"line":442,"column":null}},"type":"if","locations":[{"start":{"line":440,"column":4},"end":{"line":442,"column":null}},{"start":{},"end":{}}],"line":440},"24":{"loc":{"start":{"line":460,"column":4},"end":{"line":467,"column":null}},"type":"if","locations":[{"start":{"line":460,"column":4},"end":{"line":467,"column":null}},{"start":{},"end":{}}],"line":460}},"s":{"0":0,"1":0,"2":0,"3":0,"4":0,"5":0,"6":0,"7":0,"8":0,"9":0,"10":0,"11":0,"12":0,"13":0,"14":0,"15":0,"16":0,"17":0,"18":0,"19":0,"20":0,"21":0,"22":0,"23":0,"24":0,"25":0,"26":0,"27":0,"28":0,"29":0,"30":0,"31":0,"32":0,"33":0,"34":0,"35":0,"36":0,"37":0,"38":0,"39":0,"40":0,"41":0,"42":0,"43":0,"44":0,"45":0,"46":0,"47":0,"48":0,"49":0,"50":0,"51":0,"52":0,"53":0,"54":0,"55":0,"56":0,"57":0,"58":0,"59":0,"60":0,"61":0,"62":0,"63":0,"64":0,"65":0,"66":0,"67":0,"68":0,"69":0,"70":0,"71":0,"72":0,"73":0,"74":0,"75":0,"76":0,"77":0,"78":0,"79":0,"80":0,"81":0,"82":0,"83":0,"84":0,"85":0,"86":0,"87":0,"88":0,"89":0,"90":0,"91":0,"92":0,"93":0,"94":0,"95":0,"96":0,"97":0,"98":0,"99":0,"100":0,"101":0,"102":0,"103":0,"104":0,"105":0,"106":0,"107":0,"108":0,"109":0,"110":0,"111":0,"112":0,"113":0,"114":0},"f":{"0":0,"1":0,"2":0,"3":0,"4":0,"5":0},"b":{"0":[0,0],"1":[0,0],"2":[0,0],"3":[0,0],"4":[0,0],"5":[0,0],"6":[0,0],"7":[0,0],"8":[0,0],"9":[0],"10":[0],"11":[0,0],"12":[0,0],"13":[0,0],"14":[0,0],"15":[0,0],"16":[0,0],"17":[0,0],"18":[0,0],"19":[0],"20":[0],"21":[0,0],"22":[0,0],"23":[0,0],"24":[0,0]},"meta":{"lastBranch":25,"lastFunction":6,"lastStatement":115,"seen":{"s:15:15:15:Infinity":0,"s:16:19:16:Infinity":1,"s:19:27:22:Infinity":2,"b:20:2:20:36:20:36:20:Infinity":0,"s:55:27:177:Infinity":3,"f:55:27:55:34":0,"s:56:20:56:Infinity":4,"s:57:21:57:Infinity":5,"b:57:21:57:46:57:46:57:Infinity":1,"s:58:18:58:Infinity":6,"s:60:2:176:Infinity":7,"s:62:6:62:Infinity":8,"b:64:4:66:Infinity:undefined:undefined:undefined:undefined":2,"s:64:4:66:Infinity":9,"b:64:8:64:28:64:28:64:38":3,"s:65:6:65:Infinity":10,"s:68:4:72:Infinity":11,"s:75:25:77:Infinity":12,"b:79:4:81:Infinity:undefined:undefined:undefined:undefined":4,"s:79:4:81:Infinity":13,"s:80:6:80:Infinity":14,"s:84:27:88:Infinity":15,"s:91:26:91:Infinity":16,"s:94:24:99:Infinity":17,"b:98:16:98:28:98:28:98:Infinity":5,"s:101:4:105:Infinity":18,"s:108:40:117:Infinity":19,"f:109:27:109:35":1,"s:109:35:112:8":20,"s:120:23:120:Infinity":21,"s:123:29:128:Infinity":22,"s:131:4:133:Infinity":23,"s:135:21:135:Infinity":24,"s:137:4:142:Infinity":25,"s:144:4:150:Infinity":26,"s:152:21:152:Infinity":27,"b:154:4:165:Infinity:undefined:undefined:undefined:undefined":6,"s:154:4:165:Infinity":28,"b:155:6:155:Infinity:156:6:156:Infinity":7,"s:158:6:163:Infinity":29,"s:164:6:164:Infinity":30,"s:167:4:171:Infinity":31,"s:173:4:175:Infinity":32,"s:179:38:255:Infinity":33,"f:179:38:179:45":2,"s:180:21:180:Infinity":34,"b:180:21:180:46:180:46:180:Infinity":8,"s:181:18:181:Infinity":35,"s:183:2:254:Infinity":36,"s:184:19:184:Infinity":37,"s:189:8:189:Infinity":38,"b:186:13:186:Infinity":9,"b:187:14:187:Infinity":10,"s:191:4:197:Infinity":39,"s:200:25:202:Infinity":40,"b:204:4:206:Infinity:undefined:undefined:undefined:undefined":11,"s:204:4:206:Infinity":41,"s:205:6:205:Infinity":42,"s:208:10:208:Infinity":43,"s:209:23:209:Infinity":44,"b:211:4:213:Infinity:undefined:undefined:undefined:undefined":12,"s:211:4:213:Infinity":45,"s:212:6:212:Infinity":46,"s:215:38:220:Infinity":47,"s:222:4:227:Infinity":48,"s:229:4:235:Infinity":49,"b:237:4:244:Infinity:undefined:undefined:undefined:undefined":13,"s:237:4:244:Infinity":50,"s:238:6:242:Infinity":51,"s:243:6:243:Infinity":52,"s:246:4:249:Infinity":53,"s:251:4:253:Infinity":54,"s:257:36:362:Infinity":55,"f:257:36:257:43":3,"s:258:20:258:Infinity":56,"s:259:21:259:Infinity":57,"b:259:21:259:46:259:46:259:Infinity":14,"s:260:18:260:Infinity":58,"s:262:2:361:Infinity":59,"s:263:31:263:Infinity":60,"b:265:4:267:Infinity:undefined:undefined:undefined:undefined":15,"s:265:4:267:Infinity":61,"s:266:6:266:Infinity":62,"s:269:4:273:Infinity":63,"s:276:28:276:Infinity":64,"b:277:4:279:Infinity:undefined:undefined:undefined:undefined":16,"s:277:4:279:Infinity":65,"s:278:6:278:Infinity":66,"s:282:25:287:Infinity":67,"s:289:4:293:Infinity":68,"s:296:24:301:Infinity":69,"s:304:40:309:Infinity":70,"s:311:23:311:Infinity":71,"s:314:29:319:Infinity":72,"s:321:21:321:Infinity":73,"s:323:4:328:Infinity":74,"s:330:4:338:Infinity":75,"s:340:21:340:Infinity":76,"b:342:4:350:Infinity:undefined:undefined:undefined:undefined":17,"s:342:4:350:Infinity":77,"s:343:6:348:Infinity":78,"s:349:6:349:Infinity":79,"s:352:4:356:Infinity":80,"s:358:4:360:Infinity":81,"s:364:36:420:Infinity":82,"f:364:36:364:43":4,"s:365:21:365:Infinity":83,"b:365:21:365:46:365:46:365:Infinity":18,"s:366:18:366:Infinity":84,"s:368:2:419:Infinity":85,"s:373:8:373:Infinity":86,"b:370:13:370:Infinity":19,"b:371:14:371:Infinity":20,"s:375:4:380:Infinity":87,"s:382:10:382:Infinity":88,"s:383:23:383:Infinity":89,"b:385:4:387:Infinity:undefined:undefined:undefined:undefined":21,"s:385:4:387:Infinity":90,"s:386:6:386:Infinity":91,"s:389:43:394:Infinity":92,"s:396:4:401:Infinity":93,"s:403:4:409:Infinity":94,"s:411:4:414:Infinity":95,"s:416:4:418:Infinity":96,"s:422:34:478:Infinity":97,"f:422:34:422:41":5,"s:423:21:423:Infinity":98,"b:423:21:423:46:423:46:423:Infinity":22,"s:424:18:424:Infinity":99,"s:426:2:477:Infinity":100,"s:427:19:427:Infinity":101,"s:429:4:433:Infinity":102,"s:436:25:438:Infinity":103,"b:440:4:442:Infinity:undefined:undefined:undefined:undefined":23,"s:440:4:442:Infinity":104,"s:441:6:441:Infinity":105,"s:445:4:447:Infinity":106,"s:450:4:450:Infinity":107,"s:452:4:456:Infinity":108,"s:458:4:458:Infinity":109,"b:460:4:467:Infinity:undefined:undefined:undefined:undefined":24,"s:460:4:467:Infinity":110,"s:461:6:465:Infinity":111,"s:466:6:466:Infinity":112,"s:469:4:472:Infinity":113,"s:474:4:476:Infinity":114}}}
,"/home/gabriel/Documents/ESTÁGIO/OunceData/MATIA/matia-server-fastify-teste/src/controllers/conversationController.ts": {"path":"/home/gabriel/Documents/ESTÁGIO/OunceData/MATIA/matia-server-fastify-teste/src/controllers/conversationController.ts","statementMap":{"0":{"start":{"line":23,"column":34},"end":{"line":42,"column":null}},"1":{"start":{"line":24,"column":2},"end":{"line":41,"column":null}},"2":{"start":{"line":25,"column":20},"end":{"line":25,"column":null}},"3":{"start":{"line":26,"column":4},"end":{"line":28,"column":null}},"4":{"start":{"line":27,"column":6},"end":{"line":27,"column":null}},"5":{"start":{"line":29,"column":20},"end":{"line":29,"column":null}},"6":{"start":{"line":30,"column":17},"end":{"line":30,"column":null}},"7":{"start":{"line":31,"column":4},"end":{"line":31,"column":null}},"8":{"start":{"line":33,"column":4},"end":{"line":37,"column":null}},"9":{"start":{"line":34,"column":6},"end":{"line":36,"column":null}},"10":{"start":{"line":38,"column":4},"end":{"line":40,"column":null}},"11":{"start":{"line":44,"column":35},"end":{"line":54,"column":null}},"12":{"start":{"line":45,"column":2},"end":{"line":53,"column":null}},"13":{"start":{"line":46,"column":19},"end":{"line":46,"column":null}},"14":{"start":{"line":47,"column":17},"end":{"line":47,"column":null}},"15":{"start":{"line":48,"column":17},"end":{"line":48,"column":null}},"16":{"start":{"line":49,"column":4},"end":{"line":49,"column":null}},"17":{"start":{"line":49,"column":15},"end":{"line":49,"column":null}},"18":{"start":{"line":50,"column":4},"end":{"line":50,"column":null}},"19":{"start":{"line":52,"column":4},"end":{"line":52,"column":null}},"20":{"start":{"line":56,"column":31},"end":{"line":66,"column":null}},"21":{"start":{"line":57,"column":2},"end":{"line":65,"column":null}},"22":{"start":{"line":58,"column":17},"end":{"line":58,"column":null}},"23":{"start":{"line":59,"column":4},"end":{"line":61,"column":null}},"24":{"start":{"line":60,"column":6},"end":{"line":60,"column":null}},"25":{"start":{"line":62,"column":4},"end":{"line":62,"column":null}},"26":{"start":{"line":64,"column":4},"end":{"line":64,"column":null}},"27":{"start":{"line":68,"column":34},"end":{"line":92,"column":null}},"28":{"start":{"line":69,"column":2},"end":{"line":91,"column":null}},"29":{"start":{"line":70,"column":19},"end":{"line":70,"column":null}},"30":{"start":{"line":71,"column":26},"end":{"line":76,"column":null}},"31":{"start":{"line":77,"column":4},"end":{"line":77,"column":null}},"32":{"start":{"line":77,"column":27},"end":{"line":77,"column":null}},"33":{"start":{"line":78,"column":20},"end":{"line":78,"column":null}},"34":{"start":{"line":79,"column":17},"end":{"line":79,"column":null}},"35":{"start":{"line":80,"column":4},"end":{"line":80,"column":null}},"36":{"start":{"line":82,"column":4},"end":{"line":86,"column":null}},"37":{"start":{"line":83,"column":6},"end":{"line":85,"column":null}},"38":{"start":{"line":87,"column":4},"end":{"line":87,"column":null}},"39":{"start":{"line":88,"column":4},"end":{"line":90,"column":null}},"40":{"start":{"line":94,"column":34},"end":{"line":103,"column":null}},"41":{"start":{"line":95,"column":2},"end":{"line":102,"column":null}},"42":{"start":{"line":96,"column":19},"end":{"line":96,"column":null}},"43":{"start":{"line":97,"column":20},"end":{"line":97,"column":null}},"44":{"start":{"line":98,"column":4},"end":{"line":98,"column":null}},"45":{"start":{"line":98,"column":23},"end":{"line":98,"column":null}},"46":{"start":{"line":99,"column":4},"end":{"line":99,"column":null}},"47":{"start":{"line":101,"column":4},"end":{"line":101,"column":null}}},"fnMap":{"0":{"name":"(anonymous_0)","decl":{"start":{"line":23,"column":34},"end":{"line":23,"column":41}},"loc":{"start":{"line":23,"column":69},"end":{"line":42,"column":null}},"line":23},"1":{"name":"(anonymous_1)","decl":{"start":{"line":44,"column":35},"end":{"line":44,"column":42}},"loc":{"start":{"line":44,"column":70},"end":{"line":54,"column":null}},"line":44},"2":{"name":"(anonymous_2)","decl":{"start":{"line":56,"column":31},"end":{"line":56,"column":43}},"loc":{"start":{"line":56,"column":43},"end":{"line":66,"column":null}},"line":56},"3":{"name":"(anonymous_3)","decl":{"start":{"line":68,"column":34},"end":{"line":68,"column":41}},"loc":{"start":{"line":68,"column":69},"end":{"line":92,"column":null}},"line":68},"4":{"name":"(anonymous_4)","decl":{"start":{"line":94,"column":34},"end":{"line":94,"column":41}},"loc":{"start":{"line":94,"column":69},"end":{"line":103,"column":null}},"line":94}},"branchMap":{"0":{"loc":{"start":{"line":26,"column":4},"end":{"line":28,"column":null}},"type":"if","locations":[{"start":{"line":26,"column":4},"end":{"line":28,"column":null}},{"start":{},"end":{}}],"line":26},"1":{"loc":{"start":{"line":26,"column":8},"end":{"line":26,"column":55}},"type":"binary-expr","locations":[{"start":{"line":26,"column":8},"end":{"line":26,"column":20}},{"start":{"line":26,"column":20},"end":{"line":26,"column":55}}],"line":26},"2":{"loc":{"start":{"line":33,"column":4},"end":{"line":37,"column":null}},"type":"if","locations":[{"start":{"line":33,"column":4},"end":{"line":37,"column":null}},{"start":{},"end":{}}],"line":33},"3":{"loc":{"start":{"line":33,"column":8},"end":{"line":33,"column":56}},"type":"binary-expr","locations":[{"start":{"line":33,"column":8},"end":{"line":33,"column":15}},{"start":{"line":33,"column":15},"end":{"line":33,"column":56}}],"line":33},"4":{"loc":{"start":{"line":49,"column":4},"end":{"line":49,"column":null}},"type":"if","locations":[{"start":{"line":49,"column":4},"end":{"line":49,"column":null}},{"start":{},"end":{}}],"line":49},"5":{"loc":{"start":{"line":59,"column":4},"end":{"line":61,"column":null}},"type":"if","locations":[{"start":{"line":59,"column":4},"end":{"line":61,"column":null}},{"start":{},"end":{}}],"line":59},"6":{"loc":{"start":{"line":77,"column":4},"end":{"line":77,"column":null}},"type":"if","locations":[{"start":{"line":77,"column":4},"end":{"line":77,"column":null}},{"start":{},"end":{}}],"line":77},"7":{"loc":{"start":{"line":82,"column":4},"end":{"line":86,"column":null}},"type":"if","locations":[{"start":{"line":82,"column":4},"end":{"line":86,"column":null}},{"start":{},"end":{}}],"line":82},"8":{"loc":{"start":{"line":82,"column":8},"end":{"line":82,"column":56}},"type":"binary-expr","locations":[{"start":{"line":82,"column":8},"end":{"line":82,"column":15}},{"start":{"line":82,"column":15},"end":{"line":82,"column":56}}],"line":82},"9":{"loc":{"start":{"line":98,"column":4},"end":{"line":98,"column":null}},"type":"if","locations":[{"start":{"line":98,"column":4},"end":{"line":98,"column":null}},{"start":{},"end":{}}],"line":98}},"s":{"0":0,"1":0,"2":0,"3":0,"4":0,"5":0,"6":0,"7":0,"8":0,"9":0,"10":0,"11":0,"12":0,"13":0,"14":0,"15":0,"16":0,"17":0,"18":0,"19":0,"20":0,"21":0,"22":0,"23":0,"24":0,"25":0,"26":0,"27":0,"28":0,"29":0,"30":0,"31":0,"32":0,"33":0,"34":0,"35":0,"36":0,"37":0,"38":0,"39":0,"40":0,"41":0,"42":0,"43":0,"44":0,"45":0,"46":0,"47":0},"f":{"0":0,"1":0,"2":0,"3":0,"4":0},"b":{"0":[0,0],"1":[0,0],"2":[0,0],"3":[0,0],"4":[0,0],"5":[0,0],"6":[0,0],"7":[0,0],"8":[0,0],"9":[0,0]},"meta":{"lastBranch":10,"lastFunction":5,"lastStatement":48,"seen":{"s:23:34:42:Infinity":0,"f:23:34:23:41":0,"s:24:2:41:Infinity":1,"s:25:20:25:Infinity":2,"b:26:4:28:Infinity:undefined:undefined:undefined:undefined":0,"s:26:4:28:Infinity":3,"b:26:8:26:20:26:20:26:55":1,"s:27:6:27:Infinity":4,"s:29:20:29:Infinity":5,"s:30:17:30:Infinity":6,"s:31:4:31:Infinity":7,"b:33:4:37:Infinity:undefined:undefined:undefined:undefined":2,"s:33:4:37:Infinity":8,"b:33:8:33:15:33:15:33:56":3,"s:34:6:36:Infinity":9,"s:38:4:40:Infinity":10,"s:44:35:54:Infinity":11,"f:44:35:44:42":1,"s:45:2:53:Infinity":12,"s:46:19:46:Infinity":13,"s:47:17:47:Infinity":14,"s:48:17:48:Infinity":15,"b:49:4:49:Infinity:undefined:undefined:undefined:undefined":4,"s:49:4:49:Infinity":16,"s:49:15:49:Infinity":17,"s:50:4:50:Infinity":18,"s:52:4:52:Infinity":19,"s:56:31:66:Infinity":20,"f:56:31:56:43":2,"s:57:2:65:Infinity":21,"s:58:17:58:Infinity":22,"b:59:4:61:Infinity:undefined:undefined:undefined:undefined":5,"s:59:4:61:Infinity":23,"s:60:6:60:Infinity":24,"s:62:4:62:Infinity":25,"s:64:4:64:Infinity":26,"s:68:34:92:Infinity":27,"f:68:34:68:41":3,"s:69:2:91:Infinity":28,"s:70:19:70:Infinity":29,"s:71:26:76:Infinity":30,"b:77:4:77:Infinity:undefined:undefined:undefined:undefined":6,"s:77:4:77:Infinity":31,"s:77:27:77:Infinity":32,"s:78:20:78:Infinity":33,"s:79:17:79:Infinity":34,"s:80:4:80:Infinity":35,"b:82:4:86:Infinity:undefined:undefined:undefined:undefined":7,"s:82:4:86:Infinity":36,"b:82:8:82:15:82:15:82:56":8,"s:83:6:85:Infinity":37,"s:87:4:87:Infinity":38,"s:88:4:90:Infinity":39,"s:94:34:103:Infinity":40,"f:94:34:94:41":4,"s:95:2:102:Infinity":41,"s:96:19:96:Infinity":42,"s:97:20:97:Infinity":43,"b:98:4:98:Infinity:undefined:undefined:undefined:undefined":9,"s:98:4:98:Infinity":44,"s:98:23:98:Infinity":45,"s:99:4:99:Infinity":46,"s:101:4:101:Infinity":47}}}
,"/home/gabriel/Documents/ESTÁGIO/OunceData/MATIA/matia-server-fastify-teste/src/controllers/conversation_documentsController.ts": {"path":"/home/gabriel/Documents/ESTÁGIO/OunceData/MATIA/matia-server-fastify-teste/src/controllers/conversation_documentsController.ts","statementMap":{"0":{"start":{"line":26,"column":43},"end":{"line":45,"column":null}},"1":{"start":{"line":27,"column":2},"end":{"line":44,"column":null}},"2":{"start":{"line":28,"column":20},"end":{"line":28,"column":null}},"3":{"start":{"line":29,"column":4},"end":{"line":31,"column":null}},"4":{"start":{"line":30,"column":6},"end":{"line":30,"column":null}},"5":{"start":{"line":32,"column":20},"end":{"line":32,"column":null}},"6":{"start":{"line":33,"column":17},"end":{"line":33,"column":null}},"7":{"start":{"line":34,"column":4},"end":{"line":34,"column":null}},"8":{"start":{"line":36,"column":4},"end":{"line":40,"column":null}},"9":{"start":{"line":37,"column":6},"end":{"line":39,"column":null}},"10":{"start":{"line":41,"column":4},"end":{"line":43,"column":null}},"11":{"start":{"line":47,"column":44},"end":{"line":57,"column":null}},"12":{"start":{"line":48,"column":2},"end":{"line":56,"column":null}},"13":{"start":{"line":49,"column":19},"end":{"line":49,"column":null}},"14":{"start":{"line":50,"column":17},"end":{"line":50,"column":null}},"15":{"start":{"line":51,"column":4},"end":{"line":51,"column":null}},"16":{"start":{"line":51,"column":15},"end":{"line":51,"column":null}},"17":{"start":{"line":52,"column":17},"end":{"line":52,"column":null}},"18":{"start":{"line":53,"column":4},"end":{"line":53,"column":null}},"19":{"start":{"line":55,"column":4},"end":{"line":55,"column":null}},"20":{"start":{"line":59,"column":40},"end":{"line":69,"column":null}},"21":{"start":{"line":60,"column":2},"end":{"line":68,"column":null}},"22":{"start":{"line":61,"column":17},"end":{"line":61,"column":null}},"23":{"start":{"line":62,"column":4},"end":{"line":64,"column":null}},"24":{"start":{"line":63,"column":6},"end":{"line":63,"column":null}},"25":{"start":{"line":65,"column":4},"end":{"line":65,"column":null}},"26":{"start":{"line":67,"column":4},"end":{"line":67,"column":null}},"27":{"start":{"line":71,"column":43},"end":{"line":94,"column":null}},"28":{"start":{"line":72,"column":2},"end":{"line":93,"column":null}},"29":{"start":{"line":73,"column":19},"end":{"line":73,"column":null}},"30":{"start":{"line":74,"column":26},"end":{"line":79,"column":null}},"31":{"start":{"line":80,"column":4},"end":{"line":80,"column":null}},"32":{"start":{"line":80,"column":27},"end":{"line":80,"column":null}},"33":{"start":{"line":81,"column":20},"end":{"line":81,"column":null}},"34":{"start":{"line":82,"column":17},"end":{"line":82,"column":null}},"35":{"start":{"line":83,"column":4},"end":{"line":83,"column":null}},"36":{"start":{"line":85,"column":4},"end":{"line":89,"column":null}},"37":{"start":{"line":86,"column":6},"end":{"line":88,"column":null}},"38":{"start":{"line":90,"column":4},"end":{"line":92,"column":null}},"39":{"start":{"line":96,"column":43},"end":{"line":107,"column":null}},"40":{"start":{"line":97,"column":2},"end":{"line":106,"column":null}},"41":{"start":{"line":98,"column":19},"end":{"line":98,"column":null}},"42":{"start":{"line":99,"column":20},"end":{"line":99,"column":null}},"43":{"start":{"line":100,"column":4},"end":{"line":100,"column":null}},"44":{"start":{"line":100,"column":23},"end":{"line":100,"column":null}},"45":{"start":{"line":101,"column":4},"end":{"line":101,"column":null}},"46":{"start":{"line":103,"column":4},"end":{"line":105,"column":null}}},"fnMap":{"0":{"name":"(anonymous_0)","decl":{"start":{"line":26,"column":43},"end":{"line":26,"column":50}},"loc":{"start":{"line":26,"column":78},"end":{"line":45,"column":null}},"line":26},"1":{"name":"(anonymous_1)","decl":{"start":{"line":47,"column":44},"end":{"line":47,"column":51}},"loc":{"start":{"line":47,"column":79},"end":{"line":57,"column":null}},"line":47},"2":{"name":"(anonymous_2)","decl":{"start":{"line":59,"column":40},"end":{"line":59,"column":52}},"loc":{"start":{"line":59,"column":52},"end":{"line":69,"column":null}},"line":59},"3":{"name":"(anonymous_3)","decl":{"start":{"line":71,"column":43},"end":{"line":71,"column":50}},"loc":{"start":{"line":71,"column":78},"end":{"line":94,"column":null}},"line":71},"4":{"name":"(anonymous_4)","decl":{"start":{"line":96,"column":43},"end":{"line":96,"column":50}},"loc":{"start":{"line":96,"column":78},"end":{"line":107,"column":null}},"line":96}},"branchMap":{"0":{"loc":{"start":{"line":29,"column":4},"end":{"line":31,"column":null}},"type":"if","locations":[{"start":{"line":29,"column":4},"end":{"line":31,"column":null}},{"start":{},"end":{}}],"line":29},"1":{"loc":{"start":{"line":29,"column":8},"end":{"line":29,"column":55}},"type":"binary-expr","locations":[{"start":{"line":29,"column":8},"end":{"line":29,"column":20}},{"start":{"line":29,"column":20},"end":{"line":29,"column":55}}],"line":29},"2":{"loc":{"start":{"line":36,"column":4},"end":{"line":40,"column":null}},"type":"if","locations":[{"start":{"line":36,"column":4},"end":{"line":40,"column":null}},{"start":{},"end":{}}],"line":36},"3":{"loc":{"start":{"line":36,"column":8},"end":{"line":36,"column":56}},"type":"binary-expr","locations":[{"start":{"line":36,"column":8},"end":{"line":36,"column":15}},{"start":{"line":36,"column":15},"end":{"line":36,"column":56}}],"line":36},"4":{"loc":{"start":{"line":51,"column":4},"end":{"line":51,"column":null}},"type":"if","locations":[{"start":{"line":51,"column":4},"end":{"line":51,"column":null}},{"start":{},"end":{}}],"line":51},"5":{"loc":{"start":{"line":62,"column":4},"end":{"line":64,"column":null}},"type":"if","locations":[{"start":{"line":62,"column":4},"end":{"line":64,"column":null}},{"start":{},"end":{}}],"line":62},"6":{"loc":{"start":{"line":80,"column":4},"end":{"line":80,"column":null}},"type":"if","locations":[{"start":{"line":80,"column":4},"end":{"line":80,"column":null}},{"start":{},"end":{}}],"line":80},"7":{"loc":{"start":{"line":85,"column":4},"end":{"line":89,"column":null}},"type":"if","locations":[{"start":{"line":85,"column":4},"end":{"line":89,"column":null}},{"start":{},"end":{}}],"line":85},"8":{"loc":{"start":{"line":85,"column":8},"end":{"line":85,"column":56}},"type":"binary-expr","locations":[{"start":{"line":85,"column":8},"end":{"line":85,"column":15}},{"start":{"line":85,"column":15},"end":{"line":85,"column":56}}],"line":85},"9":{"loc":{"start":{"line":100,"column":4},"end":{"line":100,"column":null}},"type":"if","locations":[{"start":{"line":100,"column":4},"end":{"line":100,"column":null}},{"start":{},"end":{}}],"line":100}},"s":{"0":0,"1":0,"2":0,"3":0,"4":0,"5":0,"6":0,"7":0,"8":0,"9":0,"10":0,"11":0,"12":0,"13":0,"14":0,"15":0,"16":0,"17":0,"18":0,"19":0,"20":0,"21":0,"22":0,"23":0,"24":0,"25":0,"26":0,"27":0,"28":0,"29":0,"30":0,"31":0,"32":0,"33":0,"34":0,"35":0,"36":0,"37":0,"38":0,"39":0,"40":0,"41":0,"42":0,"43":0,"44":0,"45":0,"46":0},"f":{"0":0,"1":0,"2":0,"3":0,"4":0},"b":{"0":[0,0],"1":[0,0],"2":[0,0],"3":[0,0],"4":[0,0],"5":[0,0],"6":[0,0],"7":[0,0],"8":[0,0],"9":[0,0]},"meta":{"lastBranch":10,"lastFunction":5,"lastStatement":47,"seen":{"s:26:43:45:Infinity":0,"f:26:43:26:50":0,"s:27:2:44:Infinity":1,"s:28:20:28:Infinity":2,"b:29:4:31:Infinity:undefined:undefined:undefined:undefined":0,"s:29:4:31:Infinity":3,"b:29:8:29:20:29:20:29:55":1,"s:30:6:30:Infinity":4,"s:32:20:32:Infinity":5,"s:33:17:33:Infinity":6,"s:34:4:34:Infinity":7,"b:36:4:40:Infinity:undefined:undefined:undefined:undefined":2,"s:36:4:40:Infinity":8,"b:36:8:36:15:36:15:36:56":3,"s:37:6:39:Infinity":9,"s:41:4:43:Infinity":10,"s:47:44:57:Infinity":11,"f:47:44:47:51":1,"s:48:2:56:Infinity":12,"s:49:19:49:Infinity":13,"s:50:17:50:Infinity":14,"b:51:4:51:Infinity:undefined:undefined:undefined:undefined":4,"s:51:4:51:Infinity":15,"s:51:15:51:Infinity":16,"s:52:17:52:Infinity":17,"s:53:4:53:Infinity":18,"s:55:4:55:Infinity":19,"s:59:40:69:Infinity":20,"f:59:40:59:52":2,"s:60:2:68:Infinity":21,"s:61:17:61:Infinity":22,"b:62:4:64:Infinity:undefined:undefined:undefined:undefined":5,"s:62:4:64:Infinity":23,"s:63:6:63:Infinity":24,"s:65:4:65:Infinity":25,"s:67:4:67:Infinity":26,"s:71:43:94:Infinity":27,"f:71:43:71:50":3,"s:72:2:93:Infinity":28,"s:73:19:73:Infinity":29,"s:74:26:79:Infinity":30,"b:80:4:80:Infinity:undefined:undefined:undefined:undefined":6,"s:80:4:80:Infinity":31,"s:80:27:80:Infinity":32,"s:81:20:81:Infinity":33,"s:82:17:82:Infinity":34,"s:83:4:83:Infinity":35,"b:85:4:89:Infinity:undefined:undefined:undefined:undefined":7,"s:85:4:89:Infinity":36,"b:85:8:85:15:85:15:85:56":8,"s:86:6:88:Infinity":37,"s:90:4:92:Infinity":38,"s:96:43:107:Infinity":39,"f:96:43:96:50":4,"s:97:2:106:Infinity":40,"s:98:19:98:Infinity":41,"s:99:20:99:Infinity":42,"b:100:4:100:Infinity:undefined:undefined:undefined:undefined":9,"s:100:4:100:Infinity":43,"s:100:23:100:Infinity":44,"s:101:4:101:Infinity":45,"s:103:4:105:Infinity":46}}}
,"/home/gabriel/Documents/ESTÁGIO/OunceData/MATIA/matia-server-fastify-teste/src/controllers/documentsController.ts": {"path":"/home/gabriel/Documents/ESTÁGIO/OunceData/MATIA/matia-server-fastify-teste/src/controllers/documentsController.ts","statementMap":{"0":{"start":{"line":23,"column":31},"end":{"line":42,"column":null}},"1":{"start":{"line":24,"column":2},"end":{"line":41,"column":null}},"2":{"start":{"line":25,"column":20},"end":{"line":25,"column":null}},"3":{"start":{"line":26,"column":4},"end":{"line":28,"column":null}},"4":{"start":{"line":27,"column":6},"end":{"line":27,"column":null}},"5":{"start":{"line":29,"column":20},"end":{"line":29,"column":null}},"6":{"start":{"line":30,"column":17},"end":{"line":30,"column":null}},"7":{"start":{"line":31,"column":4},"end":{"line":31,"column":null}},"8":{"start":{"line":33,"column":4},"end":{"line":37,"column":null}},"9":{"start":{"line":34,"column":6},"end":{"line":36,"column":null}},"10":{"start":{"line":38,"column":4},"end":{"line":40,"column":null}},"11":{"start":{"line":44,"column":32},"end":{"line":54,"column":null}},"12":{"start":{"line":45,"column":2},"end":{"line":53,"column":null}},"13":{"start":{"line":46,"column":19},"end":{"line":46,"column":null}},"14":{"start":{"line":47,"column":17},"end":{"line":47,"column":null}},"15":{"start":{"line":48,"column":17},"end":{"line":48,"column":null}},"16":{"start":{"line":49,"column":4},"end":{"line":49,"column":null}},"17":{"start":{"line":49,"column":15},"end":{"line":49,"column":null}},"18":{"start":{"line":50,"column":4},"end":{"line":50,"column":null}},"19":{"start":{"line":52,"column":4},"end":{"line":52,"column":null}},"20":{"start":{"line":56,"column":28},"end":{"line":66,"column":null}},"21":{"start":{"line":57,"column":2},"end":{"line":65,"column":null}},"22":{"start":{"line":58,"column":17},"end":{"line":58,"column":null}},"23":{"start":{"line":59,"column":4},"end":{"line":61,"column":null}},"24":{"start":{"line":60,"column":6},"end":{"line":60,"column":null}},"25":{"start":{"line":62,"column":4},"end":{"line":62,"column":null}},"26":{"start":{"line":64,"column":4},"end":{"line":64,"column":null}},"27":{"start":{"line":68,"column":31},"end":{"line":88,"column":null}},"28":{"start":{"line":69,"column":2},"end":{"line":87,"column":null}},"29":{"start":{"line":70,"column":19},"end":{"line":70,"column":null}},"30":{"start":{"line":71,"column":26},"end":{"line":73,"column":null}},"31":{"start":{"line":74,"column":4},"end":{"line":74,"column":null}},"32":{"start":{"line":74,"column":27},"end":{"line":74,"column":null}},"33":{"start":{"line":75,"column":20},"end":{"line":75,"column":null}},"34":{"start":{"line":76,"column":17},"end":{"line":76,"column":null}},"35":{"start":{"line":77,"column":4},"end":{"line":77,"column":null}},"36":{"start":{"line":79,"column":4},"end":{"line":83,"column":null}},"37":{"start":{"line":80,"column":6},"end":{"line":82,"column":null}},"38":{"start":{"line":84,"column":4},"end":{"line":86,"column":null}},"39":{"start":{"line":90,"column":31},"end":{"line":101,"column":null}},"40":{"start":{"line":91,"column":2},"end":{"line":100,"column":null}},"41":{"start":{"line":92,"column":19},"end":{"line":92,"column":null}},"42":{"start":{"line":93,"column":20},"end":{"line":93,"column":null}},"43":{"start":{"line":94,"column":4},"end":{"line":94,"column":null}},"44":{"start":{"line":94,"column":23},"end":{"line":94,"column":null}},"45":{"start":{"line":95,"column":4},"end":{"line":95,"column":null}},"46":{"start":{"line":97,"column":4},"end":{"line":99,"column":null}}},"fnMap":{"0":{"name":"(anonymous_0)","decl":{"start":{"line":23,"column":31},"end":{"line":23,"column":38}},"loc":{"start":{"line":23,"column":66},"end":{"line":42,"column":null}},"line":23},"1":{"name":"(anonymous_1)","decl":{"start":{"line":44,"column":32},"end":{"line":44,"column":39}},"loc":{"start":{"line":44,"column":67},"end":{"line":54,"column":null}},"line":44},"2":{"name":"(anonymous_2)","decl":{"start":{"line":56,"column":28},"end":{"line":56,"column":40}},"loc":{"start":{"line":56,"column":40},"end":{"line":66,"column":null}},"line":56},"3":{"name":"(anonymous_3)","decl":{"start":{"line":68,"column":31},"end":{"line":68,"column":38}},"loc":{"start":{"line":68,"column":66},"end":{"line":88,"column":null}},"line":68},"4":{"name":"(anonymous_4)","decl":{"start":{"line":90,"column":31},"end":{"line":90,"column":38}},"loc":{"start":{"line":90,"column":66},"end":{"line":101,"column":null}},"line":90}},"branchMap":{"0":{"loc":{"start":{"line":26,"column":4},"end":{"line":28,"column":null}},"type":"if","locations":[{"start":{"line":26,"column":4},"end":{"line":28,"column":null}},{"start":{},"end":{}}],"line":26},"1":{"loc":{"start":{"line":26,"column":8},"end":{"line":26,"column":55}},"type":"binary-expr","locations":[{"start":{"line":26,"column":8},"end":{"line":26,"column":20}},{"start":{"line":26,"column":20},"end":{"line":26,"column":55}}],"line":26},"2":{"loc":{"start":{"line":33,"column":4},"end":{"line":37,"column":null}},"type":"if","locations":[{"start":{"line":33,"column":4},"end":{"line":37,"column":null}},{"start":{},"end":{}}],"line":33},"3":{"loc":{"start":{"line":33,"column":8},"end":{"line":33,"column":56}},"type":"binary-expr","locations":[{"start":{"line":33,"column":8},"end":{"line":33,"column":15}},{"start":{"line":33,"column":15},"end":{"line":33,"column":56}}],"line":33},"4":{"loc":{"start":{"line":49,"column":4},"end":{"line":49,"column":null}},"type":"if","locations":[{"start":{"line":49,"column":4},"end":{"line":49,"column":null}},{"start":{},"end":{}}],"line":49},"5":{"loc":{"start":{"line":59,"column":4},"end":{"line":61,"column":null}},"type":"if","locations":[{"start":{"line":59,"column":4},"end":{"line":61,"column":null}},{"start":{},"end":{}}],"line":59},"6":{"loc":{"start":{"line":74,"column":4},"end":{"line":74,"column":null}},"type":"if","locations":[{"start":{"line":74,"column":4},"end":{"line":74,"column":null}},{"start":{},"end":{}}],"line":74},"7":{"loc":{"start":{"line":79,"column":4},"end":{"line":83,"column":null}},"type":"if","locations":[{"start":{"line":79,"column":4},"end":{"line":83,"column":null}},{"start":{},"end":{}}],"line":79},"8":{"loc":{"start":{"line":79,"column":8},"end":{"line":79,"column":56}},"type":"binary-expr","locations":[{"start":{"line":79,"column":8},"end":{"line":79,"column":15}},{"start":{"line":79,"column":15},"end":{"line":79,"column":56}}],"line":79},"9":{"loc":{"start":{"line":94,"column":4},"end":{"line":94,"column":null}},"type":"if","locations":[{"start":{"line":94,"column":4},"end":{"line":94,"column":null}},{"start":{},"end":{}}],"line":94}},"s":{"0":0,"1":0,"2":0,"3":0,"4":0,"5":0,"6":0,"7":0,"8":0,"9":0,"10":0,"11":0,"12":0,"13":0,"14":0,"15":0,"16":0,"17":0,"18":0,"19":0,"20":0,"21":0,"22":0,"23":0,"24":0,"25":0,"26":0,"27":0,"28":0,"29":0,"30":0,"31":0,"32":0,"33":0,"34":0,"35":0,"36":0,"37":0,"38":0,"39":0,"40":0,"41":0,"42":0,"43":0,"44":0,"45":0,"46":0},"f":{"0":0,"1":0,"2":0,"3":0,"4":0},"b":{"0":[0,0],"1":[0,0],"2":[0,0],"3":[0,0],"4":[0,0],"5":[0,0],"6":[0,0],"7":[0,0],"8":[0,0],"9":[0,0]},"meta":{"lastBranch":10,"lastFunction":5,"lastStatement":47,"seen":{"s:23:31:42:Infinity":0,"f:23:31:23:38":0,"s:24:2:41:Infinity":1,"s:25:20:25:Infinity":2,"b:26:4:28:Infinity:undefined:undefined:undefined:undefined":0,"s:26:4:28:Infinity":3,"b:26:8:26:20:26:20:26:55":1,"s:27:6:27:Infinity":4,"s:29:20:29:Infinity":5,"s:30:17:30:Infinity":6,"s:31:4:31:Infinity":7,"b:33:4:37:Infinity:undefined:undefined:undefined:undefined":2,"s:33:4:37:Infinity":8,"b:33:8:33:15:33:15:33:56":3,"s:34:6:36:Infinity":9,"s:38:4:40:Infinity":10,"s:44:32:54:Infinity":11,"f:44:32:44:39":1,"s:45:2:53:Infinity":12,"s:46:19:46:Infinity":13,"s:47:17:47:Infinity":14,"s:48:17:48:Infinity":15,"b:49:4:49:Infinity:undefined:undefined:undefined:undefined":4,"s:49:4:49:Infinity":16,"s:49:15:49:Infinity":17,"s:50:4:50:Infinity":18,"s:52:4:52:Infinity":19,"s:56:28:66:Infinity":20,"f:56:28:56:40":2,"s:57:2:65:Infinity":21,"s:58:17:58:Infinity":22,"b:59:4:61:Infinity:undefined:undefined:undefined:undefined":5,"s:59:4:61:Infinity":23,"s:60:6:60:Infinity":24,"s:62:4:62:Infinity":25,"s:64:4:64:Infinity":26,"s:68:31:88:Infinity":27,"f:68:31:68:38":3,"s:69:2:87:Infinity":28,"s:70:19:70:Infinity":29,"s:71:26:73:Infinity":30,"b:74:4:74:Infinity:undefined:undefined:undefined:undefined":6,"s:74:4:74:Infinity":31,"s:74:27:74:Infinity":32,"s:75:20:75:Infinity":33,"s:76:17:76:Infinity":34,"s:77:4:77:Infinity":35,"b:79:4:83:Infinity:undefined:undefined:undefined:undefined":7,"s:79:4:83:Infinity":36,"b:79:8:79:15:79:15:79:56":8,"s:80:6:82:Infinity":37,"s:84:4:86:Infinity":38,"s:90:31:101:Infinity":39,"f:90:31:90:38":4,"s:91:2:100:Infinity":40,"s:92:19:92:Infinity":41,"s:93:20:93:Infinity":42,"b:94:4:94:Infinity:undefined:undefined:undefined:undefined":9,"s:94:4:94:Infinity":43,"s:94:23:94:Infinity":44,"s:95:4:95:Infinity":45,"s:97:4:99:Infinity":46}}}
,"/home/gabriel/Documents/ESTÁGIO/OunceData/MATIA/matia-server-fastify-teste/src/controllers/documents_analysisController.ts": {"path":"/home/gabriel/Documents/ESTÁGIO/OunceData/MATIA/matia-server-fastify-teste/src/controllers/documents_analysisController.ts","statementMap":{"0":{"start":{"line":26,"column":39},"end":{"line":45,"column":null}},"1":{"start":{"line":27,"column":2},"end":{"line":44,"column":null}},"2":{"start":{"line":28,"column":20},"end":{"line":28,"column":null}},"3":{"start":{"line":29,"column":4},"end":{"line":31,"column":null}},"4":{"start":{"line":30,"column":6},"end":{"line":30,"column":null}},"5":{"start":{"line":32,"column":20},"end":{"line":32,"column":null}},"6":{"start":{"line":33,"column":17},"end":{"line":33,"column":null}},"7":{"start":{"line":34,"column":4},"end":{"line":34,"column":null}},"8":{"start":{"line":36,"column":4},"end":{"line":40,"column":null}},"9":{"start":{"line":37,"column":6},"end":{"line":39,"column":null}},"10":{"start":{"line":41,"column":4},"end":{"line":43,"column":null}},"11":{"start":{"line":47,"column":40},"end":{"line":57,"column":null}},"12":{"start":{"line":48,"column":2},"end":{"line":56,"column":null}},"13":{"start":{"line":49,"column":19},"end":{"line":49,"column":null}},"14":{"start":{"line":50,"column":17},"end":{"line":50,"column":null}},"15":{"start":{"line":51,"column":17},"end":{"line":51,"column":null}},"16":{"start":{"line":52,"column":4},"end":{"line":52,"column":null}},"17":{"start":{"line":52,"column":15},"end":{"line":52,"column":null}},"18":{"start":{"line":53,"column":4},"end":{"line":53,"column":null}},"19":{"start":{"line":55,"column":4},"end":{"line":55,"column":null}},"20":{"start":{"line":59,"column":36},"end":{"line":69,"column":null}},"21":{"start":{"line":60,"column":2},"end":{"line":68,"column":null}},"22":{"start":{"line":61,"column":17},"end":{"line":61,"column":null}},"23":{"start":{"line":62,"column":4},"end":{"line":64,"column":null}},"24":{"start":{"line":63,"column":6},"end":{"line":63,"column":null}},"25":{"start":{"line":65,"column":4},"end":{"line":65,"column":null}},"26":{"start":{"line":67,"column":4},"end":{"line":67,"column":null}},"27":{"start":{"line":71,"column":39},"end":{"line":94,"column":null}},"28":{"start":{"line":72,"column":2},"end":{"line":93,"column":null}},"29":{"start":{"line":73,"column":19},"end":{"line":73,"column":null}},"30":{"start":{"line":74,"column":26},"end":{"line":79,"column":null}},"31":{"start":{"line":80,"column":4},"end":{"line":80,"column":null}},"32":{"start":{"line":80,"column":27},"end":{"line":80,"column":null}},"33":{"start":{"line":81,"column":20},"end":{"line":81,"column":null}},"34":{"start":{"line":82,"column":17},"end":{"line":82,"column":null}},"35":{"start":{"line":83,"column":4},"end":{"line":83,"column":null}},"36":{"start":{"line":85,"column":4},"end":{"line":89,"column":null}},"37":{"start":{"line":86,"column":6},"end":{"line":88,"column":null}},"38":{"start":{"line":90,"column":4},"end":{"line":92,"column":null}},"39":{"start":{"line":96,"column":39},"end":{"line":107,"column":null}},"40":{"start":{"line":97,"column":2},"end":{"line":106,"column":null}},"41":{"start":{"line":98,"column":19},"end":{"line":98,"column":null}},"42":{"start":{"line":99,"column":20},"end":{"line":99,"column":null}},"43":{"start":{"line":100,"column":4},"end":{"line":100,"column":null}},"44":{"start":{"line":100,"column":23},"end":{"line":100,"column":null}},"45":{"start":{"line":101,"column":4},"end":{"line":101,"column":null}},"46":{"start":{"line":103,"column":4},"end":{"line":105,"column":null}}},"fnMap":{"0":{"name":"(anonymous_0)","decl":{"start":{"line":26,"column":39},"end":{"line":26,"column":46}},"loc":{"start":{"line":26,"column":74},"end":{"line":45,"column":null}},"line":26},"1":{"name":"(anonymous_1)","decl":{"start":{"line":47,"column":40},"end":{"line":47,"column":47}},"loc":{"start":{"line":47,"column":75},"end":{"line":57,"column":null}},"line":47},"2":{"name":"(anonymous_2)","decl":{"start":{"line":59,"column":36},"end":{"line":59,"column":48}},"loc":{"start":{"line":59,"column":48},"end":{"line":69,"column":null}},"line":59},"3":{"name":"(anonymous_3)","decl":{"start":{"line":71,"column":39},"end":{"line":71,"column":46}},"loc":{"start":{"line":71,"column":74},"end":{"line":94,"column":null}},"line":71},"4":{"name":"(anonymous_4)","decl":{"start":{"line":96,"column":39},"end":{"line":96,"column":46}},"loc":{"start":{"line":96,"column":74},"end":{"line":107,"column":null}},"line":96}},"branchMap":{"0":{"loc":{"start":{"line":29,"column":4},"end":{"line":31,"column":null}},"type":"if","locations":[{"start":{"line":29,"column":4},"end":{"line":31,"column":null}},{"start":{},"end":{}}],"line":29},"1":{"loc":{"start":{"line":29,"column":8},"end":{"line":29,"column":55}},"type":"binary-expr","locations":[{"start":{"line":29,"column":8},"end":{"line":29,"column":20}},{"start":{"line":29,"column":20},"end":{"line":29,"column":55}}],"line":29},"2":{"loc":{"start":{"line":36,"column":4},"end":{"line":40,"column":null}},"type":"if","locations":[{"start":{"line":36,"column":4},"end":{"line":40,"column":null}},{"start":{},"end":{}}],"line":36},"3":{"loc":{"start":{"line":36,"column":8},"end":{"line":36,"column":56}},"type":"binary-expr","locations":[{"start":{"line":36,"column":8},"end":{"line":36,"column":15}},{"start":{"line":36,"column":15},"end":{"line":36,"column":56}}],"line":36},"4":{"loc":{"start":{"line":52,"column":4},"end":{"line":52,"column":null}},"type":"if","locations":[{"start":{"line":52,"column":4},"end":{"line":52,"column":null}},{"start":{},"end":{}}],"line":52},"5":{"loc":{"start":{"line":62,"column":4},"end":{"line":64,"column":null}},"type":"if","locations":[{"start":{"line":62,"column":4},"end":{"line":64,"column":null}},{"start":{},"end":{}}],"line":62},"6":{"loc":{"start":{"line":80,"column":4},"end":{"line":80,"column":null}},"type":"if","locations":[{"start":{"line":80,"column":4},"end":{"line":80,"column":null}},{"start":{},"end":{}}],"line":80},"7":{"loc":{"start":{"line":85,"column":4},"end":{"line":89,"column":null}},"type":"if","locations":[{"start":{"line":85,"column":4},"end":{"line":89,"column":null}},{"start":{},"end":{}}],"line":85},"8":{"loc":{"start":{"line":85,"column":8},"end":{"line":85,"column":56}},"type":"binary-expr","locations":[{"start":{"line":85,"column":8},"end":{"line":85,"column":15}},{"start":{"line":85,"column":15},"end":{"line":85,"column":56}}],"line":85},"9":{"loc":{"start":{"line":100,"column":4},"end":{"line":100,"column":null}},"type":"if","locations":[{"start":{"line":100,"column":4},"end":{"line":100,"column":null}},{"start":{},"end":{}}],"line":100}},"s":{"0":0,"1":0,"2":0,"3":0,"4":0,"5":0,"6":0,"7":0,"8":0,"9":0,"10":0,"11":0,"12":0,"13":0,"14":0,"15":0,"16":0,"17":0,"18":0,"19":0,"20":0,"21":0,"22":0,"23":0,"24":0,"25":0,"26":0,"27":0,"28":0,"29":0,"30":0,"31":0,"32":0,"33":0,"34":0,"35":0,"36":0,"37":0,"38":0,"39":0,"40":0,"41":0,"42":0,"43":0,"44":0,"45":0,"46":0},"f":{"0":0,"1":0,"2":0,"3":0,"4":0},"b":{"0":[0,0],"1":[0,0],"2":[0,0],"3":[0,0],"4":[0,0],"5":[0,0],"6":[0,0],"7":[0,0],"8":[0,0],"9":[0,0]},"meta":{"lastBranch":10,"lastFunction":5,"lastStatement":47,"seen":{"s:26:39:45:Infinity":0,"f:26:39:26:46":0,"s:27:2:44:Infinity":1,"s:28:20:28:Infinity":2,"b:29:4:31:Infinity:undefined:undefined:undefined:undefined":0,"s:29:4:31:Infinity":3,"b:29:8:29:20:29:20:29:55":1,"s:30:6:30:Infinity":4,"s:32:20:32:Infinity":5,"s:33:17:33:Infinity":6,"s:34:4:34:Infinity":7,"b:36:4:40:Infinity:undefined:undefined:undefined:undefined":2,"s:36:4:40:Infinity":8,"b:36:8:36:15:36:15:36:56":3,"s:37:6:39:Infinity":9,"s:41:4:43:Infinity":10,"s:47:40:57:Infinity":11,"f:47:40:47:47":1,"s:48:2:56:Infinity":12,"s:49:19:49:Infinity":13,"s:50:17:50:Infinity":14,"s:51:17:51:Infinity":15,"b:52:4:52:Infinity:undefined:undefined:undefined:undefined":4,"s:52:4:52:Infinity":16,"s:52:15:52:Infinity":17,"s:53:4:53:Infinity":18,"s:55:4:55:Infinity":19,"s:59:36:69:Infinity":20,"f:59:36:59:48":2,"s:60:2:68:Infinity":21,"s:61:17:61:Infinity":22,"b:62:4:64:Infinity:undefined:undefined:undefined:undefined":5,"s:62:4:64:Infinity":23,"s:63:6:63:Infinity":24,"s:65:4:65:Infinity":25,"s:67:4:67:Infinity":26,"s:71:39:94:Infinity":27,"f:71:39:71:46":3,"s:72:2:93:Infinity":28,"s:73:19:73:Infinity":29,"s:74:26:79:Infinity":30,"b:80:4:80:Infinity:undefined:undefined:undefined:undefined":6,"s:80:4:80:Infinity":31,"s:80:27:80:Infinity":32,"s:81:20:81:Infinity":33,"s:82:17:82:Infinity":34,"s:83:4:83:Infinity":35,"b:85:4:89:Infinity:undefined:undefined:undefined:undefined":7,"s:85:4:89:Infinity":36,"b:85:8:85:15:85:15:85:56":8,"s:86:6:88:Infinity":37,"s:90:4:92:Infinity":38,"s:96:39:107:Infinity":39,"f:96:39:96:46":4,"s:97:2:106:Infinity":40,"s:98:19:98:Infinity":41,"s:99:20:99:Infinity":42,"b:100:4:100:Infinity:undefined:undefined:undefined:undefined":9,"s:100:4:100:Infinity":43,"s:100:23:100:Infinity":44,"s:101:4:101:Infinity":45,"s:103:4:105:Infinity":46}}}
,"/home/gabriel/Documents/ESTÁGIO/OunceData/MATIA/matia-server-fastify-teste/src/controllers/documents_tagsController.ts": {"path":"/home/gabriel/Documents/ESTÁGIO/OunceData/MATIA/matia-server-fastify-teste/src/controllers/documents_tagsController.ts","statementMap":{"0":{"start":{"line":24,"column":35},"end":{"line":43,"column":null}},"1":{"start":{"line":25,"column":2},"end":{"line":42,"column":null}},"2":{"start":{"line":26,"column":20},"end":{"line":26,"column":null}},"3":{"start":{"line":27,"column":4},"end":{"line":29,"column":null}},"4":{"start":{"line":28,"column":6},"end":{"line":28,"column":null}},"5":{"start":{"line":30,"column":20},"end":{"line":30,"column":null}},"6":{"start":{"line":31,"column":17},"end":{"line":31,"column":null}},"7":{"start":{"line":32,"column":4},"end":{"line":32,"column":null}},"8":{"start":{"line":34,"column":4},"end":{"line":38,"column":null}},"9":{"start":{"line":35,"column":6},"end":{"line":37,"column":null}},"10":{"start":{"line":39,"column":4},"end":{"line":41,"column":null}},"11":{"start":{"line":45,"column":36},"end":{"line":55,"column":null}},"12":{"start":{"line":46,"column":2},"end":{"line":54,"column":null}},"13":{"start":{"line":47,"column":19},"end":{"line":47,"column":null}},"14":{"start":{"line":48,"column":17},"end":{"line":48,"column":null}},"15":{"start":{"line":49,"column":17},"end":{"line":49,"column":null}},"16":{"start":{"line":50,"column":4},"end":{"line":50,"column":null}},"17":{"start":{"line":50,"column":15},"end":{"line":50,"column":null}},"18":{"start":{"line":51,"column":4},"end":{"line":51,"column":null}},"19":{"start":{"line":53,"column":4},"end":{"line":53,"column":null}},"20":{"start":{"line":57,"column":32},"end":{"line":67,"column":null}},"21":{"start":{"line":58,"column":2},"end":{"line":66,"column":null}},"22":{"start":{"line":59,"column":17},"end":{"line":59,"column":null}},"23":{"start":{"line":60,"column":4},"end":{"line":62,"column":null}},"24":{"start":{"line":61,"column":6},"end":{"line":61,"column":null}},"25":{"start":{"line":63,"column":4},"end":{"line":63,"column":null}},"26":{"start":{"line":65,"column":4},"end":{"line":65,"column":null}},"27":{"start":{"line":69,"column":35},"end":{"line":92,"column":null}},"28":{"start":{"line":70,"column":2},"end":{"line":91,"column":null}},"29":{"start":{"line":71,"column":19},"end":{"line":71,"column":null}},"30":{"start":{"line":72,"column":26},"end":{"line":77,"column":null}},"31":{"start":{"line":78,"column":4},"end":{"line":78,"column":null}},"32":{"start":{"line":78,"column":27},"end":{"line":78,"column":null}},"33":{"start":{"line":79,"column":20},"end":{"line":79,"column":null}},"34":{"start":{"line":80,"column":17},"end":{"line":80,"column":null}},"35":{"start":{"line":81,"column":4},"end":{"line":81,"column":null}},"36":{"start":{"line":83,"column":4},"end":{"line":87,"column":null}},"37":{"start":{"line":84,"column":6},"end":{"line":86,"column":null}},"38":{"start":{"line":88,"column":4},"end":{"line":90,"column":null}},"39":{"start":{"line":94,"column":35},"end":{"line":105,"column":null}},"40":{"start":{"line":95,"column":2},"end":{"line":104,"column":null}},"41":{"start":{"line":96,"column":19},"end":{"line":96,"column":null}},"42":{"start":{"line":97,"column":20},"end":{"line":97,"column":null}},"43":{"start":{"line":98,"column":4},"end":{"line":98,"column":null}},"44":{"start":{"line":98,"column":23},"end":{"line":98,"column":null}},"45":{"start":{"line":99,"column":4},"end":{"line":99,"column":null}},"46":{"start":{"line":101,"column":4},"end":{"line":103,"column":null}}},"fnMap":{"0":{"name":"(anonymous_0)","decl":{"start":{"line":24,"column":35},"end":{"line":24,"column":42}},"loc":{"start":{"line":24,"column":70},"end":{"line":43,"column":null}},"line":24},"1":{"name":"(anonymous_1)","decl":{"start":{"line":45,"column":36},"end":{"line":45,"column":43}},"loc":{"start":{"line":45,"column":71},"end":{"line":55,"column":null}},"line":45},"2":{"name":"(anonymous_2)","decl":{"start":{"line":57,"column":32},"end":{"line":57,"column":44}},"loc":{"start":{"line":57,"column":44},"end":{"line":67,"column":null}},"line":57},"3":{"name":"(anonymous_3)","decl":{"start":{"line":69,"column":35},"end":{"line":69,"column":42}},"loc":{"start":{"line":69,"column":70},"end":{"line":92,"column":null}},"line":69},"4":{"name":"(anonymous_4)","decl":{"start":{"line":94,"column":35},"end":{"line":94,"column":42}},"loc":{"start":{"line":94,"column":70},"end":{"line":105,"column":null}},"line":94}},"branchMap":{"0":{"loc":{"start":{"line":27,"column":4},"end":{"line":29,"column":null}},"type":"if","locations":[{"start":{"line":27,"column":4},"end":{"line":29,"column":null}},{"start":{},"end":{}}],"line":27},"1":{"loc":{"start":{"line":27,"column":8},"end":{"line":27,"column":55}},"type":"binary-expr","locations":[{"start":{"line":27,"column":8},"end":{"line":27,"column":20}},{"start":{"line":27,"column":20},"end":{"line":27,"column":55}}],"line":27},"2":{"loc":{"start":{"line":34,"column":4},"end":{"line":38,"column":null}},"type":"if","locations":[{"start":{"line":34,"column":4},"end":{"line":38,"column":null}},{"start":{},"end":{}}],"line":34},"3":{"loc":{"start":{"line":34,"column":8},"end":{"line":34,"column":56}},"type":"binary-expr","locations":[{"start":{"line":34,"column":8},"end":{"line":34,"column":15}},{"start":{"line":34,"column":15},"end":{"line":34,"column":56}}],"line":34},"4":{"loc":{"start":{"line":50,"column":4},"end":{"line":50,"column":null}},"type":"if","locations":[{"start":{"line":50,"column":4},"end":{"line":50,"column":null}},{"start":{},"end":{}}],"line":50},"5":{"loc":{"start":{"line":60,"column":4},"end":{"line":62,"column":null}},"type":"if","locations":[{"start":{"line":60,"column":4},"end":{"line":62,"column":null}},{"start":{},"end":{}}],"line":60},"6":{"loc":{"start":{"line":78,"column":4},"end":{"line":78,"column":null}},"type":"if","locations":[{"start":{"line":78,"column":4},"end":{"line":78,"column":null}},{"start":{},"end":{}}],"line":78},"7":{"loc":{"start":{"line":83,"column":4},"end":{"line":87,"column":null}},"type":"if","locations":[{"start":{"line":83,"column":4},"end":{"line":87,"column":null}},{"start":{},"end":{}}],
[...]
column":null}},"48":{"start":{"line":169,"column":8},"end":{"line":169,"column":null}},"49":{"start":{"line":171,"column":8},"end":{"line":171,"column":null}},"50":{"start":{"line":172,"column":28},"end":{"line":172,"column":null}},"51":{"start":{"line":174,"column":8},"end":{"line":187,"column":null}},"52":{"start":{"line":175,"column":10},"end":{"line":181,"column":null}},"53":{"start":{"line":183,"column":10},"end":{"line":183,"column":null}},"54":{"start":{"line":184,"column":10},"end":{"line":184,"column":null}},"55":{"start":{"line":186,"column":10},"end":{"line":186,"column":null}},"56":{"start":{"line":191,"column":4},"end":{"line":191,"column":null}},"57":{"start":{"line":195,"column":4},"end":{"line":203,"column":null}},"58":{"start":{"line":196,"column":22},"end":{"line":196,"column":null}},"59":{"start":{"line":197,"column":6},"end":{"line":201,"column":null}},"60":{"start":{"line":204,"column":4},"end":{"line":204,"column":null}},"61":{"start":{"line":208,"column":4},"end":{"line":208,"column":null}},"62":{"start":{"line":208,"column":34},"end":{"line":208,"column":57}},"63":{"start":{"line":212,"column":4},"end":{"line":212,"column":null}},"64":{"start":{"line":216,"column":4},"end":{"line":235,"column":null}},"65":{"start":{"line":217,"column":38},"end":{"line":227,"column":null}},"66":{"start":{"line":229,"column":20},"end":{"line":229,"column":null}},"67":{"start":{"line":230,"column":6},"end":{"line":230,"column":null}},"68":{"start":{"line":232,"column":6},"end":{"line":232,"column":null}},"69":{"start":{"line":234,"column":6},"end":{"line":234,"column":null}}},"fnMap":{"0":{"name":"(anonymous_0)","decl":{"start":{"line":25,"column":2},"end":{"line":25,"column":16}},"loc":{"start":{"line":25,"column":16},"end":{"line":55,"column":null}},"line":25},"1":{"name":"(anonymous_1)","decl":{"start":{"line":57,"column":8},"end":{"line":57,"column":25}},"loc":{"start":{"line":57,"column":67},"end":{"line":107,"column":null}},"line":57},"2":{"name":"(anonymous_2)","decl":{"start":{"line":66,"column":54},"end":{"line":66,"column":null}},"loc":{"start":{"line":67,"column":8},"end":{"line":75,"column":null}},"line":67},"3":{"name":"(anonymous_3)","decl":{"start":{"line":69,"column":33},"end":{"line":69,"column":41}},"loc":{"start":{"line":69,"column":41},"end":{"line":72,"column":12}},"line":69},"4":{"name":"(anonymous_4)","decl":{"start":{"line":109,"column":9},"end":{"line":109,"column":24}},"loc":{"start":{"line":109,"column":73},"end":{"line":158,"column":null}},"line":109},"5":{"name":"(anonymous_5)","decl":{"start":{"line":120,"column":31},"end":{"line":120,"column":39}},"loc":{"start":{"line":120,"column":39},"end":{"line":123,"column":10}},"line":120},"6":{"name":"(anonymous_6)","decl":{"start":{"line":160,"column":16},"end":{"line":160,"column":null}},"loc":{"start":{"line":164,"column":16},"end":{"line":192,"column":null}},"line":164},"7":{"name":"(anonymous_7)","decl":{"start":{"line":194,"column":10},"end":{"line":194,"column":27}},"loc":{"start":{"line":194,"column":52},"end":{"line":205,"column":null}},"line":194},"8":{"name":"(anonymous_8)","decl":{"start":{"line":207,"column":10},"end":{"line":207,"column":16}},"loc":{"start":{"line":207,"column":43},"end":{"line":209,"column":null}},"line":207},"9":{"name":"(anonymous_9)","decl":{"start":{"line":208,"column":23},"end":{"line":208,"column":34}},"loc":{"start":{"line":208,"column":34},"end":{"line":208,"column":57}},"line":208},"10":{"name":"(anonymous_10)","decl":{"start":{"line":211,"column":2},"end":{"line":211,"column":30}},"loc":{"start":{"line":211,"column":30},"end":{"line":213,"column":null}},"line":211},"11":{"name":"(anonymous_11)","decl":{"start":{"line":215,"column":8},"end":{"line":215,"column":34}},"loc":{"start":{"line":215,"column":73},"end":{"line":236,"column":null}},"line":215}},"branchMap":{"0":{"loc":{"start":{"line":28,"column":4},"end":{"line":32,"column":null}},"type":"if","locations":[{"start":{"line":28,"column":4},"end":{"line":32,"column":null}},{"start":{},"end":{}}],"line":28},"1":{"loc":{"start":{"line":35,"column":17},"end":{"line":35,"column":null}},"type":"binary-expr","locations":[{"start":{"line":35,"column":17},"end":{"line":35,"column":45}},{"start":{"line":35,"column":45},"end":{"line":35,"column":null}}],"line":35},"2":{"loc":{"start":{"line":37,"column":6},"end":{"line":37,"column":null}},"type":"binary-expr","locations":[{"start":{"line":37,"column":6},"end":{"line":37,"column":40}},{"start":{"line":37,"column":40},"end":{"line":37,"column":null}}],"line":37},"3":{"loc":{"start":{"line":40,"column":6},"end":{"line":40,"column":null}},"type":"binary-expr","locations":[{"start":{"line":40,"column":6},"end":{"line":40,"column":39}},{"start":{"line":40,"column":39},"end":{"line":40,"column":null}}],"line":40},"4":{"loc":{"start":{"line":78,"column":23},"end":{"line":78,"column":null}},"type":"binary-expr","locations":[{"start":{"line":78,"column":23},"end":{"line":78,"column":66}},{"start":{"line":78,"column":66},"end":{"line":78,"column":null}}],"line":78},"5":{"loc":{"start":{"line":79,"column":25},"end":{"line":79,"column":null}},"type":"binary-expr","locations":[{"start":{"line":79,"column":25},"end":{"line":79,"column":59}},{"start":{"line":79,"column":59},"end":{"line":79,"column":null}}],"line":79},"6":{"loc":{"start":{"line":132,"column":24},"end":{"line":132,"column":null}},"type":"binary-expr","locations":[{"start":{"line":132,"column":24},"end":{"line":132,"column":60}},{"start":{"line":132,"column":60},"end":{"line":132,"column":null}}],"line":132},"7":{"loc":{"start":{"line":133,"column":8},"end":{"line":136,"column":null}},"type":"if","locations":[{"start":{"line":133,"column":8},"end":{"line":136,"column":null}},{"start":{},"end":{}}],"line":133},"8":{"loc":{"start":{"line":162,"column":4},"end":{"line":162,"column":null}},"type":"default-arg","locations":[{"start":{"line":162,"column":17},"end":{"line":162,"column":null}}],"line":162},"9":{"loc":{"start":{"line":163,"column":4},"end":{"line":163,"column":null}},"type":"default-arg","locations":[{"start":{"line":163,"column":12},"end":{"line":163,"column":null}}],"line":163},"10":{"loc":{"start":{"line":174,"column":8},"end":{"line":187,"column":null}},"type":"if","locations":[{"start":{"line":174,"column":8},"end":{"line":187,"column":null}},{"start":{"line":185,"column":15},"end":{"line":187,"column":null}}],"line":174},"11":{"loc":{"start":{"line":174,"column":12},"end":{"line":174,"column":49}},"type":"binary-expr","locations":[{"start":{"line":174,"column":12},"end":{"line":174,"column":36}},{"start":{"line":174,"column":36},"end":{"line":174,"column":49}}],"line":174},"12":{"loc":{"start":{"line":195,"column":4},"end":{"line":203,"column":null}},"type":"if","locations":[{"start":{"line":195,"column":4},"end":{"line":203,"column":null}},{"start":{},"end":{}}],"line":195},"13":{"loc":{"start":{"line":198,"column":8},"end":{"line":201,"column":null}},"type":"binary-expr","locations":[{"start":{"line":198,"column":8},"end":{"line":198,"column":null}},{"start":{"line":199,"column":8},"end":{"line":199,"column":null}},{"start":{"line":200,"column":8},"end":{"line":200,"column":null}},{"start":{"line":201,"column":8},"end":{"line":201,"column":null}}],"line":198}},"s":{"0":0,"1":0,"2":0,"3":0,"4":0,"5":0,"6":0,"7":0,"8":0,"9":0,"10":0,"11":0,"12":0,"13":0,"14":0,"15":0,"16":0,"17":0,"18":0,"19":0,"20":0,"21":0,"22":0,"23":0,"24":0,"25":0,"26":0,"27":0,"28":0,"29":0,"30":0,"31":0,"32":0,"33":0,"34":0,"35":0,"36":0,"37":0,"38":0,"39":0,"40":0,"41":0,"42":0,"43":0,"44":0,"45":0,"46":0,"47":0,"48":0,"49":0,"50":0,"51":0,"52":0,"53":0,"54":0,"55":0,"56":0,"57":0,"58":0,"59":0,"60":0,"61":0,"62":0,"63":0,"64":0,"65":0,"66":0,"67":0,"68":0,"69":0},"f":{"0":0,"1":0,"2":0,"3":0,"4":0,"5":0,"6":0,"7":0,"8":0,"9":0,"10":0,"11":0},"b":{"0":[0,0],"1":[0,0],"2":[0,0],"3":[0,0],"4":[0,0],"5":[0,0],"6":[0,0],"7":[0,0],"8":[0],"9":[0],"10":[0,0],"11":[0,0],"12":[0,0],"13":[0,0,0,0]},"meta":{"lastBranch":14,"lastFunction":12,"lastStatement":70,"seen":{"s:5:15:5:Infinity":0,"f:25:2:25:16":0,"s:26:19:26:Infinity":1,"b:28:4:32:Infinity:undefined:undefined:undefined:undefined":0,"s:28:4:32:Infinity":2,"s:29:6:31:Infinity":3,"s:34:4:34:Infinity":4,"s:35:4:35:Infinity":5,"b:35:17:35:45:35:45:35:Infinity":1,"s:36:4:38:Infinity":6,"b:37:6:37:40:37:40:37:Infinity":2,"s:39:4:42:Infinity":7,"b:40:6:40:39:40:39:40:Infinity":3,"s:44:4:48:Infinity":8,"s:50:4:54:Infinity":9,"f:57:8:57:25":1,"s:58:22:58:Infinity":10,"s:60:4:106:Infinity":11,"s:61:6:64:Infinity":12,"s:66:30:76:Infinity":13,"f:66:54:66:Infinity":2,"s:67:8:75:Infinity":14,"f:69:33:69:41":3,"s:69:41:72:12":15,"s:78:23:78:Infinity":16,"b:78:23:78:66:78:66:78:Infinity":4,"s:79:25:79:Infinity":17,"b:79:25:79:59:79:59:79:Infinity":5,"s:80:23:80:Infinity":18,"s:83:29:83:Infinity":19,"s:85:6:85:Infinity":20,"s:86:6:86:Infinity":21,"s:87:6:87:Infinity":22,"s:89:6:94:Infinity":23,"s:96:6:96:Infinity":24,"s:98:23:98:Infinity":25,"s:99:6:103:Infinity":26,"s:105:6:105:Infinity":27,"f:109:9:109:24":4,"s:110:22:110:Infinity":28,"s:112:4:157:Infinity":29,"s:113:6:116:Infinity":30,"s:118:21:127:Infinity":31,"f:120:31:120:39":5,"s:120:39:123:10":32,"s:129:25:129:Infinity":33,"s:131:6:137:Infinity":34,"s:132:24:132:Infinity":35,"b:132:24:132:60:132:60:132:Infinity":6,"b:133:8:136:Infinity:undefined:undefined:undefined:undefined":7,"s:133:8:136:Infinity":36,"s:134:10:134:Infinity":37,"s:135:10:135:Infinity":38,"s:139:23:139:Infinity":39,"s:141:6:145:Infinity":40,"s:147:6:147:Infinity":41,"s:149:23:149:Infinity":42,"s:150:6:154:Infinity":43,"s:156:6:156:Infinity":44,"f:160:16:160:Infinity":6,"b:162:17:162:Infinity":8,"b:163:12:163:Infinity":9,"s:167:4:189:Infinity":45,"s:167:23:167:26":46,"s:168:6:188:Infinity":47,"s:169:8:169:Infinity":48,"s:171:8:171:Infinity":49,"s:172:28:172:Infinity":50,"b:174:8:187:Infinity:185:15:187:Infinity":10,"s:174:8:187:Infinity":51,"b:174:12:174:36:174:36:174:49":11,"s:175:10:181:Infinity":52,"s:183:10:183:Infinity":53,"s:184:10:184:Infinity":54,"s:186:10:186:Infinity":55,"s:191:4:191:Infinity":56,"f:194:10:194:27":7,"b:195:4:203:Infinity:undefined:undefined:undefined:undefined":12,"s:195:4:203:Infinity":57,"s:196:22:196:Infinity":58,"s:197:6:201:Infinity":59,"b:198:8:198:Infinity:199:8:199:Infinity:200:8:200:Infinity:201:8:201:Infinity":13,"s:204:4:204:Infinity":60,"f:207:10:207:16":8,"s:208:4:208:Infinity":61,"f:208:23:208:34":9,"s:208:34:208:57":62,"f:211:2:211:30":10,"s:212:4:212:Infinity":63,"f:215:8:215:34":11,"s:216:4:235:Infinity":64,"s:217:38:227:Infinity":65,"s:229:20:229:Infinity":66,"s:230:6:230:Infinity":67,"s:232:6:232:Infinity":68,"s:234:6:234:Infinity":69}}}
,"/home/gabriel/Documents/ESTÁGIO/OunceData/MATIA/matia-server-fastify-teste/src/utils/logger.ts": {"path":"/home/gabriel/Documents/ESTÁGIO/OunceData/MATIA/matia-server-fastify-teste/src/utils/logger.ts","statementMap":{"0":{"start":{"line":17,"column":4},"end":{"line":17,"column":null}},"1":{"start":{"line":25,"column":4},"end":{"line":30,"column":null}},"2":{"start":{"line":34,"column":4},"end":{"line":38,"column":null}},"3":{"start":{"line":35,"column":6},"end":{"line":35,"column":null}},"4":{"start":{"line":37,"column":6},"end":{"line":37,"column":null}},"5":{"start":{"line":42,"column":4},"end":{"line":46,"column":null}},"6":{"start":{"line":43,"column":6},"end":{"line":43,"column":null}},"7":{"start":{"line":45,"column":6},"end":{"line":45,"column":null}},"8":{"start":{"line":50,"column":26},"end":{"line":54,"column":null}},"9":{"start":{"line":56,"column":4},"end":{"line":64,"column":null}},"10":{"start":{"line":57,"column":6},"end":{"line":59,"column":null}},"11":{"start":{"line":61,"column":6},"end":{"line":63,"column":null}},"12":{"start":{"line":68,"column":4},"end":{"line":72,"column":null}},"13":{"start":{"line":69,"column":6},"end":{"line":69,"column":null}},"14":{"start":{"line":71,"column":6},"end":{"line":71,"column":null}}},"fnMap":{"0":{"name":"(anonymous_0)","decl":{"start":{"line":16,"column":2},"end":{"line":16,"column":14}},"loc":{"start":{"line":16,"column":49},"end":{"line":18,"column":null}},"line":16},"1":{"name":"(anonymous_1)","decl":{"start":{"line":20,"column":10},"end":{"line":20,"column":null}},"loc":{"start":{"line":24,"column":12},"end":{"line":31,"column":null}},"line":24},"2":{"name":"(anonymous_2)","decl":{"start":{"line":33,"column":2},"end":{"line":33,"column":7}},"loc":{"start":{"line":33,"column":54},"end":{"line":39,"column":null}},"line":33},"3":{"name":"(anonymous_3)","decl":{"start":{"line":41,"column":2},"end":{"line":41,"column":7}},"loc":{"start":{"line":41,"column":54},"end":{"line":47,"column":null}},"line":41},"4":{"name":"(anonymous_4)","decl":{"start":{"line":49,"column":2},"end":{"line":49,"column":8}},"loc":{"start":{"line":49,"column":70},"end":{"line":65,"column":null}},"line":49},"5":{"name":"(anonymous_5)","decl":{"start":{"line":67,"column":2},"end":{"line":67,"column":8}},"loc":{"start":{"line":67,"column":55},"end":{"line":73,"column":null}},"line":67}},"branchMap":{"0":{"loc":{"start":{"line":29,"column":10},"end":{"line":29,"column":null}},"type":"binary-expr","locations":[{"start":{"line":29,"column":10},"end":{"line":29,"column":22}},{"start":{"line":29,"column":22},"end":{"line":29,"column":null}}],"line":29},"1":{"loc":{"start":{"line":34,"column":4},"end":{"line":38,"column":null}},"type":"if","locations":[{"start":{"line":34,"column":4},"end":{"line":38,"column":null}},{"start":{"line":36,"column":11},"end":{"line":38,"column":null}}],"line":34},"2":{"loc":{"start":{"line":42,"column":4},"end":{"line":46,"column":null}},"type":"if","locations":[{"start":{"line":42,"column":4},"end":{"line":46,"column":null}},{"start":{"line":44,"column":11},"end":{"line":46,"column":null}}],"line":42},"3":{"loc":{"start":{"line":56,"column":4},"end":{"line":64,"column":null}},"type":"if","locations":[{"start":{"line":56,"column":4},"end":{"line":64,"column":null}},{"start":{"line":60,"column":11},"end":{"line":64,"column":null}}],"line":56},"4":{"loc":{"start":{"line":68,"column":4},"end":{"line":72,"column":null}},"type":"if","locations":[{"start":{"line":68,"column":4},"end":{"line":72,"column":null}},{"start":{"line":70,"column":11},"end":{"line":72,"column":null}}],"line":68}},"s":{"0":0,"1":0,"2":0,"3":0,"4":0,"5":0,"6":0,"7":0,"8":0,"9":0,"10":0,"11":0,"12":0,"13":0,"14":0},"f":{"0":0,"1":0,"2":0,"3":0,"4":0,"5":0},"b":{"0":[0,0],"1":[0,0],"2":[0,0],"3":[0,0],"4":[0,0]},"meta":{"lastBranch":5,"lastFunction":6,"lastStatement":15,"seen":{"f:16:2:16:14":0,"s:17:4:17:Infinity":0,"f:20:10:20:Infinity":1,"s:25:4:30:Infinity":1,"b:29:10:29:22:29:22:29:Infinity":0,"f:33:2:33:7":2,"b:34:4:38:Infinity:36:11:38:Infinity":1,"s:34:4:38:Infinity":2,"s:35:6:35:Infinity":3,"s:37:6:37:Infinity":4,"f:41:2:41:7":3,"b:42:4:46:Infinity:44:11:46:Infinity":2,"s:42:4:46:Infinity":5,"s:43:6:43:Infinity":6,"s:45:6:45:Infinity":7,"f:49:2:49:8":4,"s:50:26:54:Infinity":8,"b:56:4:64:Infinity:60:11:64:Infinity":3,"s:56:4:64:Infinity":9,"s:57:6:59:Infinity":10,"s:61:6:63:Infinity":11,"f:67:2:67:8":5,"b:68:4:72:Infinity:70:11:72:Infinity":4,"s:68:4:72:Infinity":12,"s:69:6:69:Infinity":13,"s:71:6:71:Infinity":14}}}
,"/home/gabriel/Documents/ESTÁGIO/OunceData/MATIA/matia-server-fastify-teste/src/utils/response.ts": {"path":"/home/gabriel/Documents/ESTÁGIO/OunceData/MATIA/matia-server-fastify-teste/src/utils/response.ts","statementMap":{"0":{"start":{"line":19,"column":36},"end":{"line":22,"column":null}},"1":{"start":{"line":24,"column":2},"end":{"line":26,"column":null}},"2":{"start":{"line":25,"column":4},"end":{"line":25,"column":null}},"3":{"start":{"line":28,"column":2},"end":{"line":30,"column":null}},"4":{"start":{"line":29,"column":4},"end":{"line":29,"column":null}},"5":{"start":{"line":32,"column":2},"end":{"line":32,"column":null}},"6":{"start":{"line":42,"column":2},"end":{"line":47,"column":null}}},"fnMap":{"0":{"name":"successResponse","decl":{"start":{"line":14,"column":16},"end":{"line":14,"column":null}},"loc":{"start":{"line":18,"column":22},"end":{"line":33,"column":null}},"line":18},"1":{"name":"paginatedResponse","decl":{"start":{"line":35,"column":16},"end":{"line":35,"column":null}},"loc":{"start":{"line":41,"column":24},"end":{"line":48,"column":null}},"line":41}},"branchMap":{"0":{"loc":{"start":{"line":24,"column":2},"end":{"line":26,"column":null}},"type":"if","locations":[{"start":{"line":24,"column":2},"end":{"line":26,"column":null}},{"start":{},"end":{}}],"line":24},"1":{"loc":{"start":{"line":28,"column":2},"end":{"line":30,"column":null}},"type":"if","locations":[{"start":{"line":28,"column":2},"end":{"line":30,"column":null}},{"start":{},"end":{}}],"line":28}},"s":{"0":4,"1":4,"2":3,"3":4,"4":0,"5":4,"6":0},"f":{"0":4,"1":0},"b":{"0":[3,1],"1":[0,4]},"meta":{"lastBranch":2,"lastFunction":2,"lastStatement":7,"seen":{"f:14:16:14:Infinity":0,"s:19:36:22:Infinity":0,"b:24:2:26:Infinity:undefined:undefined:undefined:undefined":0,"s:24:2:26:Infinity":1,"s:25:4:25:Infinity":2,"b:28:2:30:Infinity:undefined:undefined:undefined:undefined":1,"s:28:2:30:Infinity":3,"s:29:4:29:Infinity":4,"s:32:2:32:Infinity":5,"f:35:16:35:Infinity":1,"s:42:2:47:Infinity":6}}}
,"/home/gabriel/Documents/ESTÁGIO/OunceData/MATIA/matia-server-fastify-teste/src/utils/verifyCredentials.ts": {"path":"/home/gabriel/Documents/ESTÁGIO/OunceData/MATIA/matia-server-fastify-teste/src/utils/verifyCredentials.ts","statementMap":{"0":{"start":{"line":4,"column":33},"end":{"line":31,"column":null}},"1":{"start":{"line":5,"column":15},"end":{"line":7,"column":null}},"2":{"start":{"line":9,"column":2},"end":{"line":11,"column":null}},"3":{"start":{"line":10,"column":4},"end":{"line":10,"column":null}},"4":{"start":{"line":13,"column":25},"end":{"line":13,"column":null}},"5":{"start":{"line":15,"column":2},"end":{"line":17,"column":null}},"6":{"start":{"line":16,"column":4},"end":{"line":16,"column":null}},"7":{"start":{"line":19,"column":26},"end":{"line":19,"column":null}},"8":{"start":{"line":21,"column":2},"end":{"line":30,"column":null}},"9":{"start":{"line":22,"column":21},"end":{"line":22,"column":null}},"10":{"start":{"line":23,"column":42},"end":{"line":23,"column":null}},"11":{"start":{"line":25,"column":4},"end":{"line":25,"column":null}},"12":{"start":{"line":27,"column":4},"end":{"line":27,"column":null}},"13":{"start":{"line":29,"column":4},"end":{"line":29,"column":null}}},"fnMap":{"0":{"name":"(anonymous_0)","decl":{"start":{"line":4,"column":33},"end":{"line":4,"column":40}},"loc":{"start":{"line":4,"column":76},"end":{"line":31,"column":null}},"line":4}},"branchMap":{"0":{"loc":{"start":{"line":9,"column":2},"end":{"line":11,"column":null}},"type":"if","locations":[{"start":{"line":9,"column":2},"end":{"line":11,"column":null}},{"start":{},"end":{}}],"line":9},"1":{"loc":{"start":{"line":15,"column":2},"end":{"line":17,"column":null}},"type":"if","locations":[{"start":{"line":15,"column":2},"end":{"line":17,"column":null}},{"start":{},"end":{}}],"line":15},"2":{"loc":{"start":{"line":21,"column":2},"end":{"line":30,"column":null}},"type":"if","locations":[{"start":{"line":21,"column":2},"end":{"line":30,"column":null}},{"start":{"line":28,"column":9},"end":{"line":30,"column":null}}],"line":21}},"s":{"0":0,"1":0,"2":0,"3":0,"4":0,"5":0,"6":0,"7":0,"8":0,"9":0,"10":0,"11":0,"12":0,"13":0},"f":{"0":0},"b":{"0":[0,0],"1":[0,0],"2":[0,0]},"meta":{"lastBranch":3,"lastFunction":1,"lastStatement":14,"seen":{"s:4:33:31:Infinity":0,"f:4:33:4:40":0,"s:5:15:7:Infinity":1,"b:9:2:11:Infinity:undefined:undefined:undefined:undefined":0,"s:9:2:11:Infinity":2,"s:10:4:10:Infinity":3,"s:13:25:13:Infinity":4,"b:15:2:17:Infinity:undefined:undefined:undefined:undefined":1,"s:15:2:17:Infinity":5,"s:16:4:16:Infinity":6,"s:19:26:19:Infinity":7,"b:21:2:30:Infinity:28:9:30:Infinity":2,"s:21:2:30:Infinity":8,"s:22:21:22:Infinity":9,"s:23:42:23:Infinity":10,"s:25:4:25:Infinity":11,"s:27:4:27:Infinity":12,"s:29:4:29:Infinity":13}}}
}
